C51 COMPILER V8.08   1                                                                     08/15/2015 12:16:38 PAGE 1   


C51 COMPILER V8.08, COMPILATION OF MODULE 1
OBJECT MODULE PLACED IN 1.OBJ
COMPILER INVOKED BY: C:\Keil\C51\BIN\C51.EXE 1.c BROWSE DEBUG OBJECTEXTEND

line level    source

   1          /*********************************************************************************
   2          * 【编写时间】： 2014年3月5日
   3          * 【作    者】： 清翔电子:03
   4          * 【版    本】： 1.0
   5          * 【网    站】： http://www.qxmcu.com/ 
   6          * 【淘宝店铺】： http://qxmcu.taobao.com/
   7          * 【实验平台】： QX-MCS51 单片机开发板
   8          * 【外部晶振】： 11.0592mhz     
   9          * 【主控芯片】： STC89C52
  10          * 【编译环境】： Keil μVisio3  
  11          * 【程序功能】： 使八位LED逐位移动并不断循环                                                                                
  12          * 【使用说明】： 
  13          *  说明：免费开源，不提供源代码分析.
  14          **********************************************************************************/
  15          
  16          #include <reg51.h>
  17          #include <intrins.h>  //这个头文件是这个方法的核心，它包含了逐步移位函数功能
  18                                                    //即程序中的_crol_(P1,y)
  19          
  20          sbit led=P1^0;
  21          
  22          void delay(unsigned int i)
  23          {
  24   1              unsigned int j;
  25   1              unsigned char k;
  26   1              for(j=i;j>0;j--)
  27   1                      for(k=125;k>0;k--);
  28   1      }
  29          
  30          void main()
  31          {       P1=0xfe;
  32   1              delay(1000);
  33   1              while(1)
  34   1              {
  35   2      
  36   2                              P1=_crol_(P1,1);   //P1逐步左移一位。
  37   2                              delay(1000);
  38   2              }
  39   1      }


MODULE INFORMATION:   STATIC OVERLAYABLE
   CODE SIZE        =     53    ----
   CONSTANT SIZE    =   ----    ----
   XDATA SIZE       =   ----    ----
   PDATA SIZE       =   ----    ----
   DATA SIZE        =   ----    ----
   IDATA SIZE       =   ----    ----
   BIT SIZE         =   ----    ----
END OF MODULE INFORMATION.


C51 COMPILATION COMPLETE.  0 WARNING(S),  0 ERROR(S)
