C51 COMPILER V8.08   MAIN                                                                  08/19/2015 12:45:55 PAGE 1   


C51 COMPILER V8.08, COMPILATION OF MODULE MAIN
OBJECT MODULE PLACED IN main.OBJ
COMPILER INVOKED BY: C:\Keil\C51\BIN\C51.EXE main.c BROWSE DEBUG OBJECTEXTEND

line level    source

   1          /*********************************************************************************
   2          * 【编写时间】： 2014年3月5日
   3          * 【作    者】： 清翔电子:03
   4          * 【版    本】： 1.0
   5          * 【网    站】： http://www.qxmcu.com/ 
   6          * 【淘宝店铺】： http://qxmcu.taobao.com/ 
   7          * 【实验平台】： QX-MCS51 单片机开发板
   8          * 【外部晶振】： 11.0592mhz     
   9          * 【主控芯片】： STC89C52
  10          * 【编译环境】： Keil μVisio3  
  11          * 【程序功能】： LCD1602显示DS1302时钟 ，按键可以调                                                                                 
  12          * 【使用说明】： 液晶1脚接1602黑色排母的1脚  如果是无背光的液晶只有14个脚 排母右边空2个位   
  13                           请把液晶对比度电位器顺时针调制10点钟方向，请勿多调超出极限位置会损坏电位器！
  14          
  15                                           使用前是用杜邦线分别把DS1302旁边3个脚的排针与P1口的0~2接相接
  16          接线方式是 请看开饭背面有丝印
  17                                                  TSCLK  -  P10
  18                                                  TIO    -  P11
  19                                                  TRST   -  P12
  20          -------------------------------调节时钟--------------------------------------------
  21          按下S2依次选择秒分时、星期日月年，S3 加，S4减
  22          
  23          *  说明：免费开源，不提供源代码分析.
  24          **********************************************************************************/
  25          #include<reg52.h>
  26          #define uint unsigned int
  27          #define uchar unsigned char
  28          uchar a,miao,shi,fen,ri,yue,nian,week,flag,temp,key1n;
  29          #define yh 0x80  //第一行的初始位置
  30          #define er 0x80+0x40 //第二行初始位置
  31          sbit dula=P2^6;
  32          sbit wela=P2^7;
  33          sbit wr=P3^6;
  34          sbit rs=P3^5;
  35          sbit en=P3^4;
  36          sbit SCLK=P1^0; 
  37          sbit IO=P1^1;    
  38          sbit RST=P1^2;   
  39          sbit ACC0=ACC^0;
  40          sbit ACC7=ACC^7;
  41          sbit key=P3^7;
  42          sbit key1=P3^0;
  43          sbit key2=P3^1;
  44          sbit key3=P3^2;
  45          uchar code tab1[]={"2014-  -   THU"};
  46          uchar code tab2[]={"  :  :  "};
  47          void delay(uint xms)//延时函数
  48          {
  49   1              uint x,y;
  50   1              for(x=xms;x>0;x--)
  51   1               for(y=110;y>0;y--);
  52   1      }
  53          /******************液晶写入************************/
  54          write_1602com(uchar com)//液晶写入指令函数
  55          {
C51 COMPILER V8.08   MAIN                                                                  08/19/2015 12:45:55 PAGE 2   

  56   1              rs=0;//置为写入命令
  57   1              P0=com;//送入数据
  58   1              delay(1);
  59   1              en=1;//拉高使能端
  60   1              delay(1);
  61   1              en=0;//完成高脉冲
  62   1      }
  63          write_1602dat(uchar dat)
  64          {
  65   1              rs=1;//置为写入数据
  66   1              P0=dat;//送入数据
  67   1              delay(1);
  68   1              en=1;
  69   1              delay(1);
  70   1              en=0;
  71   1      }
  72          /*********************over***********************/
  73          /********************ds1302****************************/
  74          void write_byte(uchar dat)
  75          {
  76   1              ACC=dat;
  77   1              RST=1;
  78   1              for(a=8;a>0;a--)
  79   1              {
  80   2                      IO=ACC0;
  81   2                      SCLK=0;
  82   2                      SCLK=1;
  83   2                      ACC=ACC>>1;
  84   2              }
  85   1      }
  86          uchar read_byte()
  87          {
  88   1              RST=1;
  89   1              for(a=8;a>0;a--)
  90   1              {
  91   2                      ACC7=IO;
  92   2                      SCLK=1;
  93   2                      SCLK=0;
  94   2                      ACC=ACC>>1;
  95   2      
  96   2              }
  97   1              return (ACC);
  98   1      }
  99          void write_1302(uchar add,uchar dat)
 100          {
 101   1      
 102   1              RST=0;
 103   1              SCLK=0;
 104   1              RST=1;
 105   1              write_byte(add);
 106   1              write_byte(dat);
 107   1              SCLK=1;
 108   1              RST=0;
 109   1      }
 110          uchar read_1302(uchar add)
 111          {
 112   1              uchar temp;
 113   1              RST=0;
 114   1              SCLK=0;
 115   1              RST=1;
 116   1              write_byte(add);
 117   1              temp=read_byte();
C51 COMPILER V8.08   MAIN                                                                  08/19/2015 12:45:55 PAGE 3   

 118   1              SCLK=1;
 119   1              RST=0;
 120   1              return(temp);
 121   1      }
 122          uchar BCD_Decimal(uchar bcd)
 123          {
 124   1       uchar Decimal;
 125   1       Decimal=bcd>>4;
 126   1       return(Decimal=Decimal*10+(bcd&=0x0F));
 127   1      }
 128          void ds1302_init()
 129          {
 130   1      RST=0;
 131   1      SCLK=0;
 132   1      write_1302(0x80,miao|0x00);//允许写
 133   1      }
 134          
 135          
 136                  
 137          
 138          void write_sfm(uchar add,uchar dat)//写时分秒
 139          {
 140   1              uchar gw,sw;
 141   1              gw=dat%10;
 142   1              sw=dat/10;
 143   1              write_1602com(er+add);
 144   1              write_1602dat(0x30+sw);
 145   1              write_1602dat(0x30+gw);
 146   1                                      
 147   1      
 148   1      }
 149          void write_nyr(uchar add,uchar dat)
 150          {
 151   1              uchar gw,sw;
 152   1              gw=dat%10;
 153   1              sw=dat/10;
 154   1              write_1602com(yh+add);
 155   1              write_1602dat(0x30+sw);
 156   1              write_1602dat(0x30+gw);
 157   1              
 158   1      
 159   1      }
 160          void write_week(uchar week)//写星期函数
 161          {
 162   1              write_1602com(yh+0x0d);
 163   1              switch(week)
 164   1              {
 165   2                      case 1:write_1602dat('M');//delay(5);
 166   2                                 write_1602dat('O');//delay(5);
 167   2                                 write_1602dat('N');
 168   2                                 break;
 169   2                 
 170   2                      case 2:write_1602dat('T');//delay(5);
 171   2                                 write_1602dat('U');//delay(5);
 172   2                                 write_1602dat('E');
 173   2                                 break;
 174   2                      
 175   2                      case 3:write_1602dat('W');//delay(5);
 176   2                                 write_1602dat('E');//delay(5);
 177   2                                 write_1602dat('D');
 178   2                                 break;
 179   2                      
C51 COMPILER V8.08   MAIN                                                                  08/19/2015 12:45:55 PAGE 4   

 180   2                      case 4:write_1602dat('T');//delay(5);
 181   2                                 write_1602dat('H');//delay(5);
 182   2                                 write_1602dat('U');
 183   2                                 break;
 184   2                      
 185   2                      case 5:write_1602dat('F');//delay(5);
 186   2                                 write_1602dat('R');//delay(5);
 187   2                                 write_1602dat('I');
 188   2                                 break;
 189   2                      
 190   2                      case 6:write_1602dat('S');//delay(5);
 191   2                                 write_1602dat('T');//delay(5);
 192   2                                 write_1602dat('A');
 193   2                                 break;
 194   2                      
 195   2                      case 7:write_1602dat('S');//delay(5);
 196   2                                 write_1602dat('U');//delay(5);
 197   2                                 write_1602dat('N');
 198   2                                 break;
 199   2      
 200   2      
 201   2      }
 202   1      
 203   1      
 204   1      
 205   1      }
 206          lcd_init()//液晶初始化函数
 207          {       wr=0;
 208   1              write_1602com(0x38);//设置液晶工作模式
 209   1              write_1602com(0x0c);//开显示不显示光标
 210   1              write_1602com(0x06);//整屏不移动，指针加一
 211   1              write_1602com(0x01);
 212   1              write_1602com(yh+2);//字符写入的位置
 213   1              for(a=0;a<14;a++)
 214   1              {
 215   2              write_1602dat(tab1[a]);
 216   2              //delay(3);
 217   2              }
 218   1              write_1602com(er+4);
 219   1              for(a=0;a<8;a++)
 220   1              {
 221   2              write_1602dat(tab2[a]);
 222   2              //delay(3);
 223   2              }
 224   1      
 225   1      }
 226          void keyscan()
 227          {
 228   1         key=0;
 229   1              if(key1==0)//key1为功能键
 230   1              {
 231   2              delay(5);
 232   2              if(key1==0)
 233   2              {
 234   3              while(!key1);
 235   3              key1n++;
 236   3              if(key1n==9)
 237   3                      key1n=1;
 238   3              switch(key1n)
 239   3              {
 240   4              
 241   4              case 1: TR0=0;//关闭定时器
C51 COMPILER V8.08   MAIN                                                                  08/19/2015 12:45:55 PAGE 5   

 242   4                              //TR1=0;
 243   4                              write_1602com(er+0x0b);//写入光标位置
 244   4                              write_1602com(0x0f);//设置光标为闪烁
 245   4                              temp=(miao)/10*16+(miao)%10;
 246   4                              write_1302(0x8e,0x00);
 247   4                              write_1302(0x80,0x80|temp);//miao
 248   4                              write_1302(0x8e,0x80);
 249   4                              break;
 250   4              case 2:  write_1602com(er+8);//fen
 251   4                              
 252   4                           //write_1602com(0x0f);
 253   4                              break;
 254   4              case 3: write_1602com(er+5);//shi
 255   4                           //write_1602com(0x0f);
 256   4                              break;
 257   4              case 4: write_1602com(yh+0x0f);//week
 258   4                           //write_1602com(0x0f);
 259   4                              break;
 260   4              case 5: write_1602com(yh+0x0b);//ri
 261   4                           //write_1602com(0x0f);
 262   4                              break;
 263   4              case 6: write_1602com(yh+0x08);//yue
 264   4                           //write_1602com(0x0f);
 265   4                              break;
 266   4              case 7: write_1602com(yh+0x05);//nian
 267   4                           //write_1602com(0x0f);
 268   4                              break;
 269   4              case 8:
 270   4                              write_1602com(0x0c);//设置光标不闪烁
 271   4                              TR0=1;//打开定时器
 272   4                              temp=(miao)/10*16+(miao)%10;
 273   4                              write_1302(0x8e,0x00);
 274   4                              write_1302(0x80,0x00|temp);//miao
 275   4                              write_1302(0x8e,0x80);
 276   4                  break;
 277   4                                      
 278   4      
 279   4                                                                                                              
 280   4                              
 281   4              }
 282   3              
 283   3              
 284   3      
 285   3              }
 286   2      
 287   2              }
 288   1              if(key1n!=0)//当key1按下以下。再按以下键才有效
 289   1              {
 290   2              
 291   2              if(key2==0)  //上调键
 292   2              {
 293   3              delay(5);
 294   3              if(key2==0)
 295   3              {
 296   4              while(!key2);
 297   4              switch(key1n)
 298   4              {
 299   5              case 1:miao++;
 300   5                              if(miao==60)
 301   5                                      miao=0;
 302   5                              write_sfm(0x0a,miao);//写入新的秒数
 303   5                              temp=(miao)/10*16+(miao)%10;
C51 COMPILER V8.08   MAIN                                                                  08/19/2015 12:45:55 PAGE 6   

 304   5                              write_1302(0x8e,0x00);
 305   5                              write_1302(0x80,0x80|temp);
 306   5                              write_1302(0x8e,0x80);
 307   5                              write_1602com(er+0x0b);//因为设置液晶的模式是写入数据后，指针自动加一，在这里是写回原来的位置
 308   5                              //write_1602com(0x0b);
 309   5                              break;
 310   5              case 2:fen++;
 311   5                              if(fen==60)
 312   5                                      fen=0;
 313   5                              write_sfm(0x07,fen);
 314   5                              temp=(fen)/10*16+(fen)%10;
 315   5                              write_1302(0x8e,0x00);
 316   5                              write_1302(0x82,temp);
 317   5                              write_1302(0x8e,0x80);
 318   5                              write_1602com(er+8);
 319   5                              break;
 320   5              case 3:shi++;
 321   5                              if(shi==24)
 322   5                                      shi=0;
 323   5                              write_sfm(4,shi);
 324   5                              temp=(shi)/10*16+(shi)%10;
 325   5                              write_1302(0x8e,0x00);
 326   5                              write_1302(0x84,temp);
 327   5                              write_1302(0x8e,0x80);
 328   5                              write_1602com(er+5);
 329   5                              break;
 330   5              case 4:week++;
 331   5                              if(week==8)
 332   5                                      week=0;
 333   5                                      write_week(week);
 334   5                              
 335   5                              write_1602com(yh+0x0f);
 336   5                              break;
 337   5              case 5:ri++;
 338   5                              if(ri==31)
 339   5                                      ri=0;
 340   5                              write_nyr(10,ri);
 341   5                              temp=(ri)/10*16+(ri)%10;
 342   5                              write_1302(0x8e,0x00);
 343   5                              write_1302(0x86,temp);
 344   5                              write_1302(0x8e,0x80);
 345   5                              write_1602com(yh+11);
 346   5                              break;
 347   5              case 6:yue++;
 348   5                              if(yue==13)
 349   5                                      yue=0;
 350   5                              write_nyr(7,yue);
 351   5                              temp=(yue)/10*16+(yue)%10;
 352   5                              write_1302(0x8e,0x00);
 353   5                              write_1302(0x88,temp);
 354   5                              write_1302(0x8e,0x80);
 355   5                              write_1602com(yh+8);
 356   5                              break;
 357   5              case 7:nian++;
 358   5                       if(nian==100)
 359   5                              nian=0;
 360   5                              write_nyr(4,nian);
 361   5                              write_1602com(yh+5);
 362   5                              break;
 363   5                              
 364   5      
 365   5              }
C51 COMPILER V8.08   MAIN                                                                  08/19/2015 12:45:55 PAGE 7   

 366   4      
 367   4              }
 368   3      
 369   3              }
 370   2              if(key3==0)
 371   2              {
 372   3              delay(5);
 373   3              if(key3==0)
 374   3              {
 375   4              while(!key3);
 376   4              switch(key1n)
 377   4              {
 378   5                      case 1:miao--;
 379   5                                      if(miao==-1)
 380   5                                              miao=59;
 381   5                              write_sfm(0x0a,miao);//写入新的秒数
 382   5                              write_1602com(er+0x0b);//因为设置液晶的模式是写入数据后，指针自动加一，在这里是写回原来的位置
 383   5                              //write_1602com(0x0b);
 384   5                              break;
 385   5                      case 2:fen--;
 386   5                                      if(fen==-1)
 387   5                                              fen=59;
 388   5                              write_sfm(7,fen);
 389   5                              temp=(fen)/10*16+(fen)%10;
 390   5                              write_1302(0x8e,0x00);
 391   5                              write_1302(0x82,temp);
 392   5                              write_1302(0x8e,0x80);
 393   5                              write_1602com(er+8);
 394   5                              break;
 395   5      
 396   5                      case 3:shi--;
 397   5                                 if(shi==-1)
 398   5                                              shi=23;
 399   5                              write_sfm(4,shi);
 400   5                              temp=(shi)/10*16+(shi)%10;
 401   5                              write_1302(0x8e,0x00);
 402   5                              write_1302(0x84,temp);
 403   5                              write_1302(0x8e,0x80);
 404   5                              write_1602com(er+5);
 405   5                              break;
 406   5                      case 4:week--;
 407   5                                      if(week==-1)
 408   5                                              week=7;
 409   5                              write_week(week);
 410   5                              write_1602com(yh+0x0f);
 411   5                              break;
 412   5                      case 5:ri--;
 413   5                                      if(ri==-1)
 414   5                                              ri=30;
 415   5                              write_nyr(10,ri);
 416   5                              temp=(ri)/10*16+(ri)%10;
 417   5                              write_1302(0x8e,0x00);
 418   5                              write_1302(0x86,temp);
 419   5                              write_1302(0x8e,0x80);
 420   5                              write_1602com(yh+11);
 421   5                              break;
 422   5                      case 6:yue--;
 423   5                                      if(yue==-1)
 424   5                                              yue=12;
 425   5                              write_nyr(7,yue);
 426   5                              temp=(yue)/10*16+(yue)%10;
 427   5                              write_1302(0x8e,0x00);
C51 COMPILER V8.08   MAIN                                                                  08/19/2015 12:45:55 PAGE 8   

 428   5                              write_1302(0x88,temp);
 429   5                              write_1302(0x8e,0x80);
 430   5                              write_1602com(yh+8);
 431   5                              break;  
 432   5                      case 7:nian--;
 433   5                       if(nian==-1)
 434   5                              nian=99;
 435   5                              write_nyr(4,nian);
 436   5                              write_1602com(yh+5);
 437   5                              break;
 438   5                              
 439   5                                      
 440   5              }
 441   4      
 442   4              }
 443   3      
 444   3              }
 445   2      
 446   2              }
 447   1      
 448   1      
 449   1      
 450   1      }
 451          void init()
 452          {
 453   1              TMOD=0x11;
 454   1              TH0=0;
 455   1              TL0=0;
 456   1              EA=1;
 457   1              ET0=1;
 458   1              TR0=1;
 459   1      
 460   1      
 461   1      
 462   1      }
 463          
 464          void cmg(void)//数码管锁存函数
 465          {
 466   1      dula=1;
 467   1      P0=0x00;
 468   1      dula=0;
 469   1      wela=1;
 470   1      P0=0x00;
 471   1      wela=0;
 472   1      }
 473          void main()
 474          {
 475   1      
 476   1         cmg();//数码管锁存
 477   1              lcd_init();
 478   1              ds1302_init();
 479   1              init();
 480   1              while(1)
 481   1              {
 482   2                      //TH0=(65536-60000)/256;
 483   2              //TL0=(65536-60000)%256;
 484   2              
 485   2      
 486   2      
 487   2      keyscan();
 488   2              
 489   2      
C51 COMPILER V8.08   MAIN                                                                  08/19/2015 12:45:55 PAGE 9   

 490   2          }
 491   1      }
 492          void timer0() interrupt 1
 493          {
 494   1              miao = BCD_Decimal(read_1302(0x81));
 495   1              fen = BCD_Decimal(read_1302(0x83));
 496   1              shi  = BCD_Decimal(read_1302(0x85));
 497   1              ri  = BCD_Decimal(read_1302(0x87));
 498   1              yue = BCD_Decimal(read_1302(0x89));
 499   1              nian=BCD_Decimal(read_1302(0x8d));
 500   1              week=BCD_Decimal(read_1302(0x8b));
 501   1              //keyscan();    
 502   1                      write_sfm(10,miao);
 503   1              //write_1602com(er+0x0a);
 504   1              //write_1602dat(':');
 505   1              write_sfm(7,fen);
 506   1              //write_1602com(er+0x07);
 507   1              //write_1602dat(':');
 508   1              write_sfm(4,shi);
 509   1              
 510   1              //write_nyr(4,nian);
 511   1              write_nyr(10,ri);
 512   1          write_nyr(7,yue);
 513   1              //write_week(week);
 514   1      }
 515          


MODULE INFORMATION:   STATIC OVERLAYABLE
   CODE SIZE        =   1491    ----
   CONSTANT SIZE    =     24    ----
   XDATA SIZE       =   ----    ----
   PDATA SIZE       =   ----    ----
   DATA SIZE        =     11    ----
   IDATA SIZE       =   ----    ----
   BIT SIZE         =   ----    ----
END OF MODULE INFORMATION.


C51 COMPILATION COMPLETE.  0 WARNING(S),  0 ERROR(S)
