C51 COMPILER V8.08   TIAOJIAN                                                              08/19/2015 11:11:16 PAGE 1   


C51 COMPILER V8.08, COMPILATION OF MODULE TIAOJIAN
OBJECT MODULE PLACED IN tiaojian.OBJ
COMPILER INVOKED BY: C:\Keil\C51\BIN\C51.EXE tiaojian.c BROWSE DEBUG OBJECTEXTEND

line level    source

   1          /*********************************************************************************
   2          * 【编写时间】： 2014年3月5日
   3          * 【作    者】： 清翔电子:03
   4          * 【版    本】： 1.0
   5          * 【网    站】： http://www.qxmcu.com/ 
   6          * 【淘宝店铺】： http://qxmcu.taobao.com/ 
   7          * 【实验平台】： QX-MCS51 单片机开发板
   8          * 【外部晶振】： 11.0592mhz     
   9          * 【主控芯片】： STC89C52
  10          * 【编译环境】： Keil μVisio3  
  11          * 【程序功能】：                                                                                    
  12          * 【使用说明】： 
  13          *  说明：免费开源，不提供源代码分析.
  14          **********************************************************************************/
  15          /******************************************************************
  16          程序功能：      介绍条件运算符的用法，类似于if()...else语句。
  17          ****************************************************************************/
  18          #include <reg52.h>
  19          
  20          void main()
  21          {
  22   1              unsigned char a=1,b=2,max;
  23   1              max=(a>b)?a:b;//条件运算符?:，若括弧中的a>b为真，则max结果为a，否则为b
  24   1              P1=max;
  25   1              while(1);
  26   1      }


MODULE INFORMATION:   STATIC OVERLAYABLE
   CODE SIZE        =     17    ----
   CONSTANT SIZE    =   ----    ----
   XDATA SIZE       =   ----    ----
   PDATA SIZE       =   ----    ----
   DATA SIZE        =   ----    ----
   IDATA SIZE       =   ----    ----
   BIT SIZE         =   ----    ----
END OF MODULE INFORMATION.


C51 COMPILATION COMPLETE.  0 WARNING(S),  0 ERROR(S)
