C51 COMPILER V9.60.0.0   MAIN                                                              01/12/2021 08:53:07 PAGE 1   


C51 COMPILER V9.60.0.0, COMPILATION OF MODULE MAIN
OBJECT MODULE PLACED IN .\Objects\main.obj
COMPILER INVOKED BY: C:\Keil_v5\C51\BIN\C51.EXE USER\main.c OPTIMIZE(8,SPEED) BROWSE INCDIR(.\USER;.\APP) DEBUG OBJECTEX
                    -TEND PRINT(.\Listings\main.lst) OBJECT(.\Objects\main.obj)

line level    source

   1          #include "reg51.h"
   2          #include "intrins.h"
   3          #include "VKL144.h"
   4          //-------------------------------------------------------
   5          typedef signed char             s8;
   6          typedef signed int              s16;
   7          typedef signed long             s32;
   8          
   9          typedef unsigned char   u8;
  10          typedef unsigned int    u16;
  11          typedef unsigned long   u32;
  12          //-------------------------------------------------------
  13          sbit            LED             =       P0^0; //±³¹â
  14          //-------------------------------------------------------
  15          void main()
  16          {
  17   1              LED=1;
  18   1              VKL144_Init();
  19   1              DispJUHUI();
  20   1              VKL144_Delay_ms(5000);
  21   1              
  22   1              while(1)
  23   1              {
  24   2                      VKL144_Display();
  25   2                      VKL144_Delay_ms(2000);
  26   2                      VKL144_Test();
  27   2              }
  28   1      }


MODULE INFORMATION:   STATIC OVERLAYABLE
   CODE SIZE        =     30    ----
   CONSTANT SIZE    =   ----    ----
   XDATA SIZE       =   ----    ----
   PDATA SIZE       =   ----    ----
   DATA SIZE        =   ----    ----
   IDATA SIZE       =   ----    ----
   BIT SIZE         =   ----    ----
END OF MODULE INFORMATION.


C51 COMPILATION COMPLETE.  0 WARNING(S),  0 ERROR(S)
