C51 COMPILER V9.60.0.0   DS12C887                                                          04/25/2021 22:37:18 PAGE 1   


C51 COMPILER V9.60.0.0, COMPILATION OF MODULE DS12C887
OBJECT MODULE PLACED IN .\Objects\DS12C887.obj
COMPILER INVOKED BY: C:\Keil_v5\C51\BIN\C51.EXE DS12C887.c OPTIMIZE(8,SPEED) BROWSE DEBUG OBJECTEXTEND PRINT(.\Listings\
                    -DS12C887.lst) TABS(2) OBJECT(.\Objects\DS12C887.obj)

line level    source

   1          #include<reg52.h>
   2          #include<intrins.h>
   3          #include<DS12C887.h>
   4          
   5          
   6          
   7          


MODULE INFORMATION:   STATIC OVERLAYABLE
   CODE SIZE        =   ----    ----
   CONSTANT SIZE    =   ----    ----
   XDATA SIZE       =   ----    ----
   PDATA SIZE       =   ----    ----
   DATA SIZE        =   ----    ----
   IDATA SIZE       =   ----    ----
   BIT SIZE         =   ----    ----
END OF MODULE INFORMATION.


C51 COMPILATION COMPLETE.  0 WARNING(S),  0 ERROR(S)
