C51 COMPILER V9.60.0.0   NIXIE_TUBE                                                        12/04/2020 18:53:31 PAGE 1   


C51 COMPILER V9.60.0.0, COMPILATION OF MODULE NIXIE_TUBE
OBJECT MODULE PLACED IN .\Objects\NIXIE_TUBE.obj
COMPILER INVOKED BY: C:\Keil_v5\C51\BIN\C51.EXE NIXIE_TUBE.c OPTIMIZE(8,SPEED) BROWSE DEBUG OBJECTEXTEND PRINT(.\Listing
                    -s\NIXIE_TUBE.lst) TABS(2) OBJECT(.\Objects\NIXIE_TUBE.obj)

line level    source

   1          #include<NIXIE_TUBE.h>
   2          #include<reg52.h>
   3          #include<intrins.h>
   4          
   5          uchar Nixie_Action(bit buzzerFlag, bit dotFlag, uchar digit, uchar number){
   6   1        
   7   1        uchar ret_val = 0x00;
   8   1        ret_val = buzzerFlag!=0 ? ret_val|0x80 : ret_val;
   9   1        ret_val = dotFlag!=0 ? ret_val : ret_val|0x40;
  10   1        ret_val = ret_val|(digit<<4);
  11   1        ret_val = ret_val|number;
  12   1        
  13   1        return ret_val;
  14   1      }


MODULE INFORMATION:   STATIC OVERLAYABLE
   CODE SIZE        =     37    ----
   CONSTANT SIZE    =   ----    ----
   XDATA SIZE       =   ----    ----
   PDATA SIZE       =   ----    ----
   DATA SIZE        =   ----       2
   IDATA SIZE       =   ----    ----
   BIT SIZE         =   ----       2
END OF MODULE INFORMATION.


C51 COMPILATION COMPLETE.  0 WARNING(S),  0 ERROR(S)
