C51 COMPILER V9.60.0.0   5                                                                 03/03/2021 18:45:41 PAGE 1   


C51 COMPILER V9.60.0.0, COMPILATION OF MODULE 5
OBJECT MODULE PLACED IN 5.OBJ
COMPILER INVOKED BY: C:\Keil_v5\C51\BIN\C51.EXE 5.c OPTIMIZE(8,SPEED) BROWSE DEBUG OBJECTEXTEND TABS(2)

line level    source

   1          /*********************************************************************************
   2          * 【编写时间】： 2014年3月5日
   3          * 【作    者】： 清翔电子:03
   4          * 【版    本】： 1.0
   5          * 【网    站】： http://www.qxmcu.com/ 
   6          * 【淘宝店铺】： http://qxmcu.taobao.com/ 
   7          * 【实验平台】： QX-MCS51 单片机开发板
   8          * 【外部晶振】： 11.0592mhz 
   9          * 【主控芯片】： STC89C52
  10          * 【编译环境】： Keil μVisio3  
  11          * 【程序功能】： 让QX-MCS51 实验板的八位数码管同时显示数字0到7。                                    
  12          * 【使用说明】： 
  13          *  说明：免费开源，不提供源代码分析.
  14          **********************************************************************************/
  15          
  16          #include <reg51.h>
  17          
  18          sbit dula=P2^6;   //段选信号的锁存器控制
  19          sbit wela=P2^7;   //位选信号的锁存器控制
  20          
  21          int number[8];
  22          bit fipfop = 1;
  23          
  24          unsigned char code wei[]={0xfe,0xfd,0xfb,0xf7,0xef,0xdf,0xbf,0x7f};
  25                      //数码管各位的码表
  26          unsigned char code duan[]={0x3f,0x06,0x5b,0x4f,0x66,0x6d,0x7d,
  27                                  0x07,0x7f,0x6f,0x77,0x7c,0x39,0x5e,0x79,0x71};
  28                      //0-f的码表
  29          void delay(unsigned int i)
  30          {
  31   1        unsigned int m,n;
  32   1        for(m=i;m>0;m--)
  33   1          for(n=90;n>0;n--);
  34   1      }
  35          
  36          void main()
  37          {
  38   1        unsigned char cnt;
  39   1        for(cnt = 0; cnt < 8; cnt++){
  40   2          number[cnt] = 0;
  41   2        }
  42   1        TCON |= 0x01;
  43   1        EX0 = 1;
  44   1        EA = 1;
  45   1        while(1)
  46   1        {
  47   2          for(cnt=0;cnt<8;cnt++)
  48   2          {
  49   3            P0 = 0x00;
  50   3            P0=wei[7-cnt];     
  51   3            wela=1;
  52   3            wela=0;
  53   3            P0=duan[number[cnt]];   
  54   3            dula=1;
  55   3            dula=0;
C51 COMPILER V9.60.0.0   5                                                                 03/03/2021 18:45:41 PAGE 2   

  56   3            delay(2);  //时间间隔短，这是关键（所谓的同时显示，只是间隔较短而已，利用人眼的余辉效应，觉得每个数码管
             -都一直在亮）。
  57   3           }
  58   2        }
  59   1      }
  60          
  61          void counter_interrupt() interrupt 0{
  62   1        int cnt;
  63   1        fipfop = ~fipfop;
  64   1        if(fipfop == 1){
  65   2          number[0]++;
  66   2          for(cnt = 0; cnt < 7; cnt++){
  67   3            if(number[cnt] >= 10){
  68   4              number[cnt+1]++;
  69   4              number[cnt] %= 10;
  70   4            }
  71   3            else{
  72   4              break;
  73   4            }
  74   3          }
  75   2        }
  76   1      }


MODULE INFORMATION:   STATIC OVERLAYABLE
   CODE SIZE        =    274    ----
   CONSTANT SIZE    =     24    ----
   XDATA SIZE       =   ----    ----
   PDATA SIZE       =   ----    ----
   DATA SIZE        =     16    ----
   IDATA SIZE       =   ----    ----
   BIT SIZE         =      1    ----
END OF MODULE INFORMATION.


C51 COMPILATION COMPLETE.  0 WARNING(S),  0 ERROR(S)
