C51 COMPILER V8.08   XIANSHI                                                               08/15/2015 12:37:01 PAGE 1   


C51 COMPILER V8.08, COMPILATION OF MODULE XIANSHI
OBJECT MODULE PLACED IN xianshi.OBJ
COMPILER INVOKED BY: C:\Keil\C51\BIN\C51.EXE xianshi.c BROWSE DEBUG OBJECTEXTEND

line level    source

   1          /*********************************************************************************
   2          * 【编写时间】： 2014年3月5日
   3          * 【作    者】： 清翔电子:03
   4          * 【版    本】： 1.0
   5          * 【网    站】： http://www.qxmcu.com/ 
   6          * 【淘宝店铺】： http://qxmcu.taobao.com/
   7          * 【实验平台】： QX-MCS51 单片机开发板
   8          * 【外部晶振】： 11.0592mhz     
   9          * 【主控芯片】： STC89C52
  10          * 【编译环境】： Keil μVisio3  
  11          * 【程序功能】： 数码管显示任意9位以下整数                                                                                  
  12          * 【使用说明】： 
  13          *  说明：免费开源，不提供源代码分析.
  14          **********************************************************************************/
  15          
  16          #include"stc.h"
  17          
  18          #define uchar unsigned char 
  19          unsigned long num;
  20          uchar j,k;
  21          uchar a0,b0,c0,d0,e0,f0,g0,h0;
  22          sbit dula=P2^6;
  23          sbit wela=P2^7;
  24          unsigned char code table[]={0x3f,0x06,0x5b,0x4f,0x66,0x6d,0x7d,
  25                                  0x07,0x7f,0x6f,0x77,0x7c,0x39,0x5e,0x79,0x71,0x00};
  26          
  27          void delay(uchar i)
  28          {
  29   1              for(j=i;j>0;j--)
  30   1              for(k=125;k>0;k--);
  31   1      }
  32          
  33          void display(uchar a,uchar b,uchar c,uchar d,uchar e,uchar f,uchar g,uchar h)
  34          {
  35   1         dula=0;
  36   1         P0=table[a];
  37   1         dula=1;
  38   1         dula=0;
  39   1         
  40   1         wela=0;
  41   1         P0=0xfe;
  42   1         wela=1;
  43   1         wela=0;
  44   1         delay(5);
  45   1         
  46   1         P0=table[b];
  47   1         dula=1;
  48   1         dula=0;
  49   1         
  50   1         P0=0xfd;
  51   1         wela=1;
  52   1         wela=0;
  53   1         delay(5);
  54   1      
  55   1         P0=table[c];
C51 COMPILER V8.08   XIANSHI                                                               08/15/2015 12:37:01 PAGE 2   

  56   1         dula=1;
  57   1         dula=0;
  58   1         
  59   1         P0=0xfb;
  60   1         wela=1;
  61   1      
  62   1         wela=0;
  63   1         delay(5);
  64   1         
  65   1         P0=table[d];
  66   1         dula=1;
  67   1         dula=0;
  68   1         
  69   1         P0=0xf7;
  70   1         wela=1;
  71   1         wela=0;
  72   1         delay(5);
  73   1         
  74   1         P0=table[e];
  75   1         dula=1;
  76   1         dula=0;
  77   1         
  78   1         P0=0xef;
  79   1         wela=1;
  80   1         wela=0;
  81   1         delay(5);
  82   1         
  83   1         P0=table[f];
  84   1         dula=1;
  85   1         dula=0;
  86   1         
  87   1         P0=0xdf;
  88   1         wela=1;
  89   1         wela=0;
  90   1         delay(5);
  91   1      
  92   1         P0=table[g];
  93   1         dula=1;
  94   1         dula=0;
  95   1         
  96   1         P0=0xbf;
  97   1         wela=1;
  98   1         wela=0;
  99   1         delay(5);
 100   1      
 101   1         P0=table[h];
 102   1         dula=1;
 103   1         dula=0;
 104   1         
 105   1         P0=0x7f;
 106   1         wela=1;
 107   1         wela=0;
 108   1         delay(5);
 109   1      }
 110          
 111          void main()
 112          {
 113   1              num=94556225;//这个是被显示的整数，只要不超过六位，均可显示出来。
 114   1                              //同学们可以随意更改这个num变量的值试验下。
 115   1              while(1)
 116   1              {
 117   2              
C51 COMPILER V8.08   XIANSHI                                                               08/15/2015 12:37:01 PAGE 3   

 118   2              if(num<10)
 119   2              {
 120   3                      a0=num;b0=16;c0=16;d0=16;e0=16;f0=16;g0=16;h0=16;
 121   3              }
 122   2              else
 123   2              {
 124   3                      if(num<100)
 125   3                      {a0=num/10;b0=num%10;c0=16;d0=16;e0=16;f0=16;g0=16;h0=16;}
 126   3                      else
 127   3                      {
 128   4                              if(num<1000)
 129   4                              {a0=num/100;b0=num%100/10;c0=num%10;d0=16;e0=16;f0=16;g0=16;h0=16;}
 130   4                              else
 131   4                              {
 132   5                                      if(num<10000)
 133   5                                      {a0=num/1000;b0=num%1000/100;c0=num%100/10;d0=num%10;e0=16;f0=16;g0=16;h0=16;}
 134   5                                      else
 135   5                                      {
 136   6                                              if(num<100000)
 137   6                                              {a0=num/10000;b0=num%10000/1000;c0=num%1000/100;d0=num%100/10;e0=num%10;f0=16;g0=16;h0=16;}
 138   6                                              else
 139   6                                              {
 140   7                                                      if(num<1000000)
 141   7                                                      {a0=num/100000;b0=num%100000/10000;c0=num%10000/1000;d0=num%1000/100;e0=num%100/10;f0=num%10;g0=16;h
             -0=16;}
 142   7                                                      else
 143   7                                                      {
 144   8                                                          if(num<10000000)
 145   8                                                          {a0=num/1000000;b0=num%1000000/100000;c0=num%100000/10000;d0=num%10000/1000;e0=num%1000/100;f0=n
             -um%100/10;g0=num%10;h0=16;}  
 146   8                                                              else
 147   8                                                              {
 148   9                                                                  if(num<100000000)
 149   9                                                              {a0=num/10000000;b0=num%10000000/1000000;c0=num%1000000/100000;d0=num%100000/10000;e0=num%10
             -000/1000;f0=num%1000/100;g0=num%100/10;h0=num%10;}
 150   9                                                              } 
 151   8                                                      }
 152   7                                              }
 153   6                                      }
 154   5                              }
 155   4                      }
 156   3              }
 157   2              display(a0,b0,c0,d0,e0,f0,g0,h0);
 158   2              }
 159   1      }


MODULE INFORMATION:   STATIC OVERLAYABLE
   CODE SIZE        =   1498    ----
   CONSTANT SIZE    =     17    ----
   XDATA SIZE       =   ----    ----
   PDATA SIZE       =   ----    ----
   DATA SIZE        =     14       8
   IDATA SIZE       =   ----    ----
   BIT SIZE         =   ----    ----
END OF MODULE INFORMATION.


C51 COMPILATION COMPLETE.  0 WARNING(S),  0 ERROR(S)
