C51 COMPILER V8.08   YIDENGSHANSHUO                                                        04/26/2015 23:43:43 PAGE 1   


C51 COMPILER V8.08, COMPILATION OF MODULE YIDENGSHANSHUO
OBJECT MODULE PLACED IN yidengshanshuo.OBJ
COMPILER INVOKED BY: C:\Keil\C51\BIN\C51.EXE yidengshanshuo.c BROWSE DEBUG OBJECTEXTEND

line level    source

   1          /*********************************************************************************
   2          * 【编写时间】： 2014年3月5日
   3          * 【作    者】： 清翔电子:03
   4          * 【版    本】： 1.0
   5          * 【网    站】： http://www.qxmcu.com/ 
   6          * 【淘宝店铺】： http://qxmcu.taobao.com/
   7          * 【实验平台】： QX-MCS51 单片机开发板
   8          * 【外部晶振】： 11.0592mhz     
   9          * 【主控芯片】： STC89C52
  10          * 【编译环境】： Keil μVisio3  
  11          * 【程序功能】： 让一LED闪烁十次后停止                                                                              
  12          * 【使用说明】： 
  13          *  说明：免费开源，不提供源代码分析.
  14          **********************************************************************************/
  15          
  16          #include <reg51.h>
  17          
  18          sbit led=P1^0;
  19          
  20          void delay(unsigned int i)
  21          {
  22   1              unsigned int j;
  23   1              unsigned char k;
  24   1              for(j=i;j>0;j--)
  25   1                      for(k=125;k>0;k--);
  26   1      }
  27          
  28          void main()
  29          {
  30   1              unsigned char m;
  31   1              for(m=20;m>0;m--)
  32   1              {
  33   2                      led=~led;       //没隔一段时间即对输出取反。
  34   2                      delay(3000); //闪烁间隔。
  35   2              }
  36   1              while(1); //闪烁十次后，到此不再闪烁。
  37   1      }


MODULE INFORMATION:   STATIC OVERLAYABLE
   CODE SIZE        =     36    ----
   CONSTANT SIZE    =   ----    ----
   XDATA SIZE       =   ----    ----
   PDATA SIZE       =   ----    ----
   DATA SIZE        =   ----    ----
   IDATA SIZE       =   ----    ----
   BIT SIZE         =   ----    ----
END OF MODULE INFORMATION.


C51 COMPILATION COMPLETE.  0 WARNING(S),  0 ERROR(S)
