C51 COMPILER V8.08   12864TUPIAN                                                           08/18/2015 22:27:17 PAGE 1   


C51 COMPILER V8.08, COMPILATION OF MODULE 12864TUPIAN
OBJECT MODULE PLACED IN 12864tupian.OBJ
COMPILER INVOKED BY: C:\Keil\C51\BIN\C51.EXE 12864tupian.c BROWSE DEBUG OBJECTEXTEND

line level    source

   1          /*********************************************************************************
   2          * 【编写时间】： 2014年3月5日
   3          * 【作    者】： 清翔电子:03
   4          * 【版    本】： 1.0
   5          * 【网    站】： http://www.qxmcu.com/ 
   6          * 【淘宝店铺】： http://qxmcu.taobao.com/ 
   7          * 【实验平台】： QX-MCS51 单片机开发板
   8          * 【外部晶振】： 11.0592mhz     
   9          * 【主控芯片】： STC89C52
  10          * 【编译环境】： Keil μVisio3  
  11          * 【程序功能】： 12864显示图形  液晶型号控制器是ST7920 其他液晶本程序不适用                                                                         
  12          * 【使用说明】： 如果发现液晶不显示请调节液晶对比度，如果是在本店购买的12864液晶
  13          本店会把对比度调节好接上去就可以显示，如果在本店购买的液晶无显示可以咨询我们客服
  14          
  15          *  说明：免费开源，不提供源代码分析.
  16          **********************************************************************************/
  17          #include <reg51.h>
  18          #include <intrins.h>
  19          
  20          #define uchar unsigned char
  21          #define uint  unsigned int
  22          /*12864端口定义*/
  23          #define LCD_data  P0             //数据口
  24          sbit LCD_RS  =  P3^5;            //寄存器选择输入 
  25          sbit LCD_RW  =  P3^6;            //液晶读/写控制
  26          sbit LCD_EN  =  P3^4;            //液晶使能控制
  27          sbit LCD_PSB =  P3^1;            //串/并方式控制
  28          sbit wela    =  P2^6;
  29          sbit dula    =  P2^7;
  30          
  31          unsigned char code zhu[]=               //图片代码
  32          {
  33          0x00,0x00,0x00,0x00,0x00,0x00,0x00,0x00,0x00,0x00,0x00,0x00,0x00,0x00,0x00,0x00,
  34          0x00,0x00,0x00,0x00,0x00,0x00,0x00,0x00,0x00,0x00,0x00,0x00,0x00,0x00,0x00,0x00,
  35          0x00,0x00,0x00,0x00,0x00,0x00,0x00,0x00,0x00,0x00,0x00,0x00,0x00,0x00,0x00,0x00,
  36          0x00,0x00,0x00,0x00,0x00,0x00,0x00,0xD4,0x00,0x00,0x00,0x00,0x00,0x00,0x00,0x00,
  37          0x00,0x00,0x00,0x00,0x00,0x00,0x05,0x01,0x00,0x00,0x00,0x00,0x00,0x00,0x00,0x00,
  38          0x00,0x00,0x00,0x00,0x00,0x00,0x10,0x00,0x80,0x00,0x00,0x00,0x00,0x00,0x00,0x00,
  39          0x00,0x00,0x00,0x00,0x00,0x00,0x20,0x00,0x00,0x00,0x00,0x00,0x00,0x00,0x00,0x00,
  40          0x00,0x00,0x00,0x00,0x00,0x00,0x40,0x00,0x80,0x00,0x00,0x00,0x00,0x00,0x00,0x00,
  41          0x00,0x00,0x00,0x00,0x00,0x20,0x00,0x00,0x00,0x00,0x00,0x00,0x00,0x00,0x00,0x00,
  42          0x00,0x00,0x03,0x50,0x00,0x50,0x80,0x01,0x00,0x00,0x00,0x00,0x00,0x00,0x00,0x00,
  43          0x00,0x00,0x3C,0x04,0x00,0xA0,0x00,0x00,0x00,0x00,0x00,0x00,0x00,0x00,0x00,0x00,
  44          0x00,0x00,0x40,0x01,0x0B,0x15,0x00,0x02,0x00,0x00,0x00,0x00,0x00,0x00,0x00,0x00,
  45          0x00,0x00,0x40,0x00,0x88,0x00,0x00,0x06,0x80,0x00,0x00,0x00,0x00,0x00,0x00,0x00,
  46          0x00,0x01,0x80,0x00,0x60,0x00,0x00,0x05,0x40,0x00,0x00,0x00,0x00,0x00,0x00,0x00,
  47          0x00,0x02,0x00,0x00,0x00,0x00,0x00,0x03,0x90,0x00,0x01,0xB6,0x36,0x00,0x00,0x00,
  48          0x00,0x00,0x00,0x00,0x00,0x00,0x00,0x02,0x40,0x00,0x01,0xFE,0x36,0x00,0x00,0x00,
  49          0x00,0x00,0x80,0x00,0x00,0x00,0x00,0x02,0x20,0x00,0x01,0xB6,0x36,0x00,0x00,0x00,
  50          0x00,0x00,0x40,0x00,0x00,0x00,0x00,0x02,0xA0,0x00,0x03,0x6F,0xFF,0x00,0x00,0x00,
  51          0x00,0x00,0x20,0x00,0x00,0x00,0x00,0x1D,0x00,0x00,0x00,0x00,0x2C,0x00,0x00,0x00,
  52          0x00,0x00,0x00,0x00,0x00,0x00,0x00,0x05,0xC0,0x00,0x00,0x00,0x28,0x00,0x00,0x00,
  53          0x00,0x00,0x10,0x00,0x00,0x00,0x00,0x04,0x00,0x00,0x00,0x00,0x38,0x00,0x00,0x00,
  54          0x00,0x00,0x00,0x00,0x00,0x00,0x00,0x0A,0x80,0x40,0x00,0x00,0x00,0x00,0x00,0x00,
  55          0x00,0x00,0x10,0x80,0x00,0x00,0x1F,0x08,0x47,0xF8,0x00,0x00,0x00,0x00,0x00,0x00,
C51 COMPILER V8.08   12864TUPIAN                                                           08/18/2015 22:27:17 PAGE 2   

  56          0x00,0x00,0x01,0x20,0x00,0x00,0x3D,0x13,0x0C,0x0E,0x00,0x00,0x00,0x00,0x00,0x00,
  57          0x00,0x00,0x08,0x10,0x00,0x00,0x27,0xA0,0x18,0x06,0x00,0x00,0x00,0x00,0x00,0x00,
  58          0x00,0x00,0x02,0x10,0x00,0x00,0x3F,0x80,0x38,0xC7,0x00,0x00,0x00,0x00,0x00,0x00,
  59          0x00,0x00,0x04,0x03,0xE0,0x00,0x33,0x90,0x3F,0xC7,0x00,0x00,0x00,0x00,0x00,0x00,
  60          0x00,0x00,0x00,0x03,0xB0,0x00,0x33,0x10,0x7F,0x87,0x00,0x00,0x00,0x00,0x00,0x00,
  61          0x00,0x00,0x08,0x24,0xF0,0x0C,0x0E,0x00,0xFF,0x1F,0x00,0x00,0x00,0x00,0x00,0x00,
  62          0x00,0x00,0x00,0x07,0xF0,0xC2,0x00,0x00,0xFE,0x1F,0x81,0xB3,0xE6,0xD8,0xF0,0x00,
  63          0x00,0x00,0x08,0x46,0x71,0x06,0x00,0x08,0x3F,0x1F,0x01,0xF6,0x67,0xF9,0xB0,0x00,
  64          0x00,0x00,0x00,0x03,0x20,0x98,0x00,0x00,0x3F,0xFF,0x01,0xB6,0xC6,0xD9,0x80,0x00,
  65          0x00,0x00,0x08,0x40,0xC0,0x24,0x00,0x04,0x3F,0x1F,0x03,0x7F,0xFD,0xBE,0xFC,0x00,
  66          0x00,0x00,0x00,0x00,0x00,0x00,0x00,0x02,0x1E,0x1E,0x00,0x00,0x00,0x00,0x00,0x00,
  67          0x00,0x00,0x08,0x00,0x00,0x00,0x00,0x01,0x0E,0x1C,0x00,0x00,0x00,0x00,0x00,0x00,
  68          0x00,0x00,0x08,0x00,0x00,0x00,0x00,0x00,0x87,0xF0,0x00,0x00,0x00,0x00,0x00,0x00,
  69          0x00,0x00,0x00,0x00,0x00,0x00,0x00,0x00,0x00,0x00,0x00,0x00,0x00,0x00,0x00,0x00,
  70          0x00,0x00,0x04,0x00,0x00,0x00,0x00,0x00,0x40,0x00,0x00,0x00,0x00,0x00,0x00,0x00,
  71          0x00,0x00,0x00,0x00,0x00,0x00,0x00,0x00,0x20,0x00,0x00,0x00,0x00,0x00,0x00,0x00,
  72          0x00,0x00,0x02,0x00,0x00,0x00,0x00,0x00,0x00,0x00,0x00,0x00,0x00,0x00,0x00,0x00,
  73          0x00,0x00,0x01,0x00,0x00,0x00,0x00,0x00,0x10,0x00,0x00,0x00,0x00,0x00,0x00,0x00,
  74          0x00,0x00,0x00,0x80,0x00,0x00,0x00,0x00,0x00,0x00,0x00,0xC0,0x00,0x00,0x00,0x00,
  75          0x00,0x00,0x00,0x40,0x00,0x00,0x00,0x02,0x08,0x00,0x00,0xC0,0x00,0x00,0x00,0x00,
  76          0x00,0x00,0x00,0x40,0x00,0x00,0x00,0x00,0x00,0x00,0x00,0x04,0x00,0x00,0x00,0x00,
  77          0x00,0x00,0x00,0x00,0x00,0x00,0x00,0x01,0x88,0x00,0x01,0x8C,0x00,0x00,0x00,0x00,
  78          0x00,0x00,0x00,0x00,0x00,0x00,0x00,0x00,0x20,0x00,0x01,0x8E,0x00,0x00,0x00,0x00,
  79          0x00,0x00,0x00,0x40,0x00,0x00,0x00,0x01,0x00,0x00,0x01,0xB6,0x06,0xDB,0x6C,0x00,
  80          0x00,0x00,0x00,0x00,0x00,0x00,0x00,0x00,0x00,0x00,0x03,0xFF,0x06,0xDB,0x6C,0x00,
  81          0x00,0x00,0x00,0x40,0x00,0x00,0x00,0x01,0x00,0x00,0x00,0x00,0x00,0x00,0x00,0x00,
  82          0x00,0x00,0x00,0x00,0x00,0x00,0x00,0x00,0x00,0x00,0x00,0x00,0x00,0x00,0x00,0x00,
  83          0x00,0x00,0x00,0x20,0x00,0x00,0x00,0x02,0x00,0x00,0x00,0x00,0x00,0x00,0x00,0x00,
  84          0x00,0x00,0x00,0x10,0x00,0x00,0x00,0x04,0x00,0x00,0x00,0x00,0x00,0x00,0x00,0x00,
  85          0x00,0x00,0x00,0x00,0x00,0x00,0x00,0x00,0x00,0x00,0x00,0x00,0x00,0x00,0x00,0x00,
  86          0x00,0x00,0x00,0x08,0x00,0x00,0x00,0x10,0x00,0x00,0x00,0x00,0x00,0x00,0x00,0x00,
  87          0x00,0x00,0x00,0x02,0x00,0x00,0x00,0x20,0x00,0x00,0x00,0x00,0x00,0x00,0x00,0x00,
  88          0x00,0x00,0x00,0x00,0x40,0x00,0x01,0x40,0x00,0x00,0x00,0x00,0x00,0x00,0x00,0x00,
  89          0x00,0x00,0x00,0x00,0x94,0xA4,0x68,0x40,0x00,0x00,0x00,0x00,0x00,0x00,0x00,0x00,
  90          0x00,0x00,0x00,0x00,0x02,0x19,0x00,0x00,0x00,0x00,0x00,0x00,0x00,0x00,0x00,0x00,
  91          0x00,0x00,0x00,0x00,0x42,0x00,0x10,0x80,0x00,0x00,0x00,0x00,0x00,0x00,0x00,0x00,
  92          0x00,0x00,0x00,0x00,0x20,0x00,0x01,0x00,0x00,0x00,0x00,0x00,0x00,0x00,0x00,0x00,
  93          0x00,0x00,0x00,0x00,0x14,0x00,0x0A,0x00,0x00,0x00,0x00,0x00,0x00,0x00,0x00,0x00,
  94          0x00,0x00,0x00,0x00,0x00,0x00,0x00,0x00,0x00,0x00,0x00,0x00,0x00,0x00,0x00,0x00,
  95          0x00,0x00,0x00,0x00,0x00,0x00,0x00,0x00,0x00,0x00,0x00,0x00,0x00,0x00,0x00,0x00,
  96          0x00,0x00,0x00,0x00,0x00,0x00,0x00,0x00,0x00,0x00,0x00,0x00,0x00,0x00,0x00,0x00
  97          };
  98          
  99          #define delayNOP(); {_nop_();_nop_();_nop_();_nop_();};
 100          
 101          void delay0(uchar x);  //x*0.14MS
 102          void beep();
 103          void  dataconv();
 104          void lcd_pos(uchar X,uchar Y);  //确定显示位置
 105          
 106          void delay(int ms)
 107          {
 108   1          while(ms--)
 109   1              {
 110   2            uchar i;
 111   2                for(i=0;i<250;i++)  
 112   2                 {
 113   3                  _nop_();                       
 114   3                      _nop_();
 115   3                      _nop_();
 116   3                      _nop_();
 117   3                 }
C51 COMPILER V8.08   12864TUPIAN                                                           08/18/2015 22:27:17 PAGE 3   

 118   2              }
 119   1      }               
 120          
 121          /*******************************************************************/
 122          /*                                                                 */
 123          /*检查LCD忙状态                                                    */
 124          /*lcd_busy为1时，忙，等待。lcd-busy为0时,闲，可写指令与数据。      */
 125          /*                                                                 */
 126          /*******************************************************************/
 127          bit lcd_busy()
 128           {                          
 129   1          bit result;
 130   1          LCD_RS = 0;
 131   1          LCD_RW = 1;
 132   1          LCD_EN = 1;
 133   1          delayNOP();
 134   1          result = (bit)(P0&0x80);
 135   1          LCD_EN = 0;
 136   1          return(result); 
 137   1       }
 138          /*******************************************************************/
 139          /*                                                                 */
 140          /*写指令数据到LCD                                                  */
 141          /*RS=L，RW=L，E=高脉冲，D0-D7=指令码。                             */
 142          /*                                                                 */
 143          /*******************************************************************/
 144          void lcd_wcmd(uchar cmd)
 145          {                          
 146   1         while(lcd_busy());
 147   1          LCD_RS = 0;
 148   1          LCD_RW = 0;
 149   1          LCD_EN = 0;
 150   1          _nop_();
 151   1          _nop_(); 
 152   1          P0 = cmd;
 153   1          delayNOP();
 154   1          LCD_EN = 1;
 155   1          delayNOP();
 156   1          LCD_EN = 0;  
 157   1      }
 158          /*******************************************************************/
 159          /*                                                                 */
 160          /*写显示数据到LCD                                                  */
 161          /*RS=H，RW=L，E=高脉冲，D0-D7=数据。                               */
 162          /*                                                                 */
 163          /*******************************************************************/
 164          void lcd_wdat(uchar dat)
 165          {                          
 166   1         while(lcd_busy());
 167   1          LCD_RS = 1;
 168   1          LCD_RW = 0;
 169   1          LCD_EN = 0;
 170   1          P0 = dat;
 171   1          delayNOP();
 172   1          LCD_EN = 1;
 173   1          delayNOP();
 174   1          LCD_EN = 0; 
 175   1      }
 176          /*******************************************************************/
 177          /*                                                                 */
 178          /*  LCD初始化设定                                                  */
 179          /*                                                                 */
C51 COMPILER V8.08   12864TUPIAN                                                           08/18/2015 22:27:17 PAGE 4   

 180          /*******************************************************************/
 181          void lcd_init()
 182          { 
 183   1      
 184   1          LCD_PSB = 1;         //并口方式
 185   1          
 186   1          lcd_wcmd(0x34);      //扩充指令操作
 187   1          delay(5);
 188   1          lcd_wcmd(0x30);      //基本指令操作
 189   1          delay(5);
 190   1          lcd_wcmd(0x0C);      //显示开，关光标
 191   1          delay(5);
 192   1          lcd_wcmd(0x01);      //清除LCD的显示内容
 193   1          delay(5);
 194   1      }
 195          
 196          /*******************************************
 197          函数名称:Draw_PM
 198          功    能:在整个液晶屏幕上画图
 199          参    数:无
 200          返回值  :无
 201          ********************************************/
 202          void Draw_PM(const uchar *ptr)
 203          {
 204   1          uchar i,j,k;
 205   1          wela=0;
 206   1              dula=0; 
 207   1              lcd_wcmd(0x34);        //打开扩展指令集
 208   1              i = 0x80;            
 209   1              for(j = 0;j < 32;j++)
 210   1              {
 211   2              lcd_wcmd(i++);
 212   2              lcd_wcmd(0x80);
 213   2                      for(k = 0;k < 16;k++)
 214   2                      {
 215   3                          lcd_wdat(*ptr++);
 216   3                      }
 217   2              }
 218   1              i = 0x80;
 219   1              for(j = 0;j < 32;j++)
 220   1              {
 221   2                  lcd_wcmd(i++);
 222   2              lcd_wcmd(0x88);    
 223   2                      for(k = 0;k < 16;k++)
 224   2                      {
 225   3                          lcd_wdat(*ptr++);
 226   3                      } 
 227   2              }  
 228   1          lcd_wcmd(0x36);        //打开绘图显示
 229   1              lcd_wcmd(0x30);        //回到基本指令集
 230   1      }
 231          
 232          main()
 233           {
 234   1                      wela=0;
 235   1                      dula=0; 
 236   1                      lcd_init();                //初始化LCD    
 237   1                      Draw_PM(zhu);                       //显示可爱猪的图片
 238   1                      while(1);       
 239   1       }


C51 COMPILER V8.08   12864TUPIAN                                                           08/18/2015 22:27:17 PAGE 5   

MODULE INFORMATION:   STATIC OVERLAYABLE
   CODE SIZE        =    274    ----
   CONSTANT SIZE    =   1024    ----
   XDATA SIZE       =   ----    ----
   PDATA SIZE       =   ----    ----
   DATA SIZE        =   ----       4
   IDATA SIZE       =   ----    ----
   BIT SIZE         =   ----       1
END OF MODULE INFORMATION.


C51 COMPILATION COMPLETE.  0 WARNING(S),  0 ERROR(S)
