C51 COMPILER V8.08   GUANJIAO                                                              08/19/2015 10:48:58 PAGE 1   


C51 COMPILER V8.08, COMPILATION OF MODULE GUANJIAO
OBJECT MODULE PLACED IN guanjiao.OBJ
COMPILER INVOKED BY: C:\Keil\C51\BIN\C51.EXE guanjiao.c BROWSE DEBUG OBJECTEXTEND

line level    source

   1          /*********************************************************************************
   2          * 【编写时间】： 2014年3月5日
   3          * 【作    者】： 清翔电子:03
   4          * 【版    本】： 1.0
   5          * 【网    站】： http://www.qxmcu.com/ 
   6          * 【淘宝店铺】： http://qxmcu.taobao.com/ 
   7          * 【实验平台】： QX-MCS51 单片机开发板
   8          * 【外部晶振】： 11.0592mhz     
   9          * 【主控芯片】： STC89C52
  10          * 【编译环境】： Keil μVisio3  
  11          * 【程序功能】：                                                                                    
  12          * 【使用说明】： 
  13          *  说明：免费开源，不提供源代码分析.
  14          **********************************************************************************/
  15          /******************************************************************
  16          程序功能：              将P2口的状态传递给P1口，给同学对管脚间状态传递
  17                                          提供一直感性的认识。
  18                                          下载程序后，八个发光二极管会间隔着被点亮。
  19          ************************************************************************/
  20          
  21          #include<reg52.h>
  22          
  23          void main()
  24          {
  25   1              P2=0Xaa;  //给P2管脚赋值，0xaa即二进制的1010 1010。
  26   1              P1=P2;    //将P2口状态传给P1，可以发现P1口的灯间隔着被点亮。
  27   1              while(1);
  28   1      }
  29          
  30          //P1，P2表面为管脚，但实质上对应的是单片机内部的寄存器。


MODULE INFORMATION:   STATIC OVERLAYABLE
   CODE SIZE        =      8    ----
   CONSTANT SIZE    =   ----    ----
   XDATA SIZE       =   ----    ----
   PDATA SIZE       =   ----    ----
   DATA SIZE        =   ----    ----
   IDATA SIZE       =   ----    ----
   BIT SIZE         =   ----    ----
END OF MODULE INFORMATION.


C51 COMPILATION COMPLETE.  0 WARNING(S),  0 ERROR(S)
