C51 COMPILER V9.60.0.0   SERIAL                                                            03/09/2021 13:22:14 PAGE 1   


C51 COMPILER V9.60.0.0, COMPILATION OF MODULE SERIAL
OBJECT MODULE PLACED IN .\Objects\serial.obj
COMPILER INVOKED BY: C:\Keil_v5\C51\BIN\C51.EXE serial.c OPTIMIZE(8,SPEED) BROWSE DEBUG OBJECTEXTEND PRINT(.\Listings\se
                    -rial.lst) TABS(2) OBJECT(.\Objects\serial.obj)

line level    source

   1          #include <reg52.h> 
   2          #define XTAL 11059200
   3          #define baudrate 9600
   4           
   5          void uart_init(){
   6   1        TMOD = 0x22;
   7   1        TH0=0x00;
   8   1        TH0=0x00;
   9   1        TH1=(unsigned char)(256 - (XTAL / (32L * 12L * baudrate)));
  10   1        TL1=(unsigned char)(256 - (XTAL / (32L * 12L * baudrate)));
  11   1        SCON = 0x50;
  12   1        PCON = 0x00;
  13   1        TR1 = 1;
  14   1        TR0 = 1;
  15   1        IT0=1;
  16   1        EX0=1;
  17   1        EA=1;
  18   1      }
  19          void uart_tx_byte(char byte){
  20   1        SBUF=byte;
  21   1        while(TI == 0);
  22   1        TI = 0;
  23   1      }
  24          void main(void){
  25   1          uart_init();
  26   1          while(1){
  27   2          }
  28   1      }
  29          void Random_Number_Generator() interrupt 0{
  30   1        unsigned char random = TL0;
  31   1        uart_tx_byte(random);
  32   1      }


MODULE INFORMATION:   STATIC OVERLAYABLE
   CODE SIZE        =     60    ----
   CONSTANT SIZE    =   ----    ----
   XDATA SIZE       =   ----    ----
   PDATA SIZE       =   ----    ----
   DATA SIZE        =   ----    ----
   IDATA SIZE       =   ----    ----
   BIT SIZE         =   ----    ----
END OF MODULE INFORMATION.


C51 COMPILATION COMPLETE.  0 WARNING(S),  0 ERROR(S)
