C51 COMPILER V8.08   0                                                                     08/19/2015 11:44:18 PAGE 1   


C51 COMPILER V8.08, COMPILATION OF MODULE 0
OBJECT MODULE PLACED IN 0.OBJ
COMPILER INVOKED BY: C:\Keil\C51\BIN\C51.EXE 0.c BROWSE DEBUG OBJECTEXTEND

line level    source

   1          /*********************************************************************************
   2          * 【编写时间】： 2014年3月5日
   3          * 【作    者】： 清翔电子:03
   4          * 【版    本】： 1.0
   5          * 【网    站】： http://www.qxmcu.com/ 
   6          * 【淘宝店铺】： http://qxmcu.taobao.com/ 
   7          * 【实验平台】： QX-MCS51 单片机开发板
   8          * 【外部晶振】： 11.0592mhz     
   9          * 【主控芯片】： STC89C52
  10          * 【编译环境】： Keil μVisio3  
  11          * 【程序功能】：                                                                                    
  12          * 【使用说明】： 
  13          *  说明：免费开源，不提供源代码分析.
  14          **********************************************************************************/
  15          /******************************************************************
  16          程序功能：      演示指针作为函数的参数。
  17          ****************************************************************************/
  18          #include <reg52.h>
  19          
  20          void delay(void)  //此延时函数无参数，无返回值。在其后面作了一个有参数的延时函数作为对比
  21          {
  22   1        unsigned char m,n;
  23   1        for(m=0;m<200;m++)
  24   1              for(n=0;n<200;n++);
  25   1      }
  26          void led(unsigned char *p) //形参为无符号字符型指针
  27          {
  28   1        unsigned char i;
  29   1        while(1)
  30   1         {
  31   2                i=0;   //将i置为0，指向数组第一个元素
  32   2                while(i!=16) 
  33   2                 {
  34   3              P1=*(p+i);// 取的指针所指变量（数组元素）的值，送P1口
  35   3                   delay();   //调用延时函数
  36   3                        i++;    //指向下一个数组元素
  37   3                 }
  38   2              }
  39   1      }
  40          
  41          
  42          void main(void)
  43          {  
  44   1        unsigned  char code table[16]={0xFE,0xFD,0xFB,0xF7,0xEF,0xDF,0xBF,0x7F, 
  45   1                                    0x7F,0xBF,0xDF,0xEF,0xF7,0xFB,0xFD,0xFE};
  46   1                                                                                      //流水灯控制码 
  47   1        unsigned char *p;
  48   1        p=table;
  49   1        led(p);
  50   1        
  51   1      }


MODULE INFORMATION:   STATIC OVERLAYABLE
   CODE SIZE        =     55    ----
C51 COMPILER V8.08   0                                                                     08/19/2015 11:44:18 PAGE 2   

   CONSTANT SIZE    =     16    ----
   XDATA SIZE       =   ----    ----
   PDATA SIZE       =   ----    ----
   DATA SIZE        =   ----       3
   IDATA SIZE       =   ----    ----
   BIT SIZE         =   ----    ----
END OF MODULE INFORMATION.


C51 COMPILATION COMPLETE.  0 WARNING(S),  0 ERROR(S)
