C51 COMPILER V9.60.0.0   MAIN                                                              01/12/2021 08:37:31 PAGE 1   


C51 COMPILER V9.60.0.0, COMPILATION OF MODULE MAIN
OBJECT MODULE PLACED IN .\Objects\main.obj
COMPILER INVOKED BY: C:\Keil_v5\C51\BIN\C51.EXE USER\main.c OPTIMIZE(8,SPEED) BROWSE INCDIR(.\USER;.\APP) DEBUG OBJECTEX
                    -TEND PRINT(.\Listings\main.lst) OBJECT(.\Objects\main.obj)

line level    source

   1          #include "reg51.h"
   2          #include "intrins.h"
   3          #include "ht1621.h"
   4          //-------------------------------------------------------
   5          typedef signed char             s8;
   6          typedef signed int              s16;
   7          typedef signed long             s32;
   8          
   9          typedef unsigned char   u8;
  10          typedef unsigned int    u16;
  11          typedef unsigned long   u32;
  12          //-------------------------------------------------------
  13          sbit            VCC             =       P0^3;
  14          sbit            GND             =       P0^4;
  15          //-------------------------------------------------------
  16          void main()
  17          {
  18   1              VCC=1;  //为了方便测试，这里用软件模拟电源和地，实际使用时，可以接真的电源
  19   1              GND=0;
  20   1              
  21   1              HT1621_Init();
  22   1              
  23   1              while(1)
  24   1              {
  25   2                      HT1621_Display();
  26   2                      HT1621_Delay_ms(2000);
  27   2                      HT1621_Test();
  28   2              }
  29   1      }


MODULE INFORMATION:   STATIC OVERLAYABLE
   CODE SIZE        =     22    ----
   CONSTANT SIZE    =   ----    ----
   XDATA SIZE       =   ----    ----
   PDATA SIZE       =   ----    ----
   DATA SIZE        =   ----    ----
   IDATA SIZE       =   ----    ----
   BIT SIZE         =   ----    ----
END OF MODULE INFORMATION.


C51 COMPILATION COMPLETE.  0 WARNING(S),  0 ERROR(S)
