C51 COMPILER V8.08   _绷鞯缁_                                                              11/25/2014 14:41:56 PAGE 1   


C51 COMPILER V8.08, COMPILATION OF MODULE _绷鞯缁_
OBJECT MODULE PLACED IN 直流电机.OBJ
COMPILER INVOKED BY: C:\Keil\C51\BIN\C51.EXE 直流电机.c BROWSE DEBUG OBJECTEXTEND

line level    source

   1          #include<reg52.h>
   2          sbit s=P1^4;
   3          void delay(unsigned char z)
   4          {
   5   1              while(z!=0) z--;
   6   1      }
   7          void main()
   8          {
   9   1              while(1)
  10   1              {
  11   2                      s=0;
  12   2                      delay(9);
  13   2                      s=1;
  14   2                      delay(1);
  15   2              }
  16   1      }


MODULE INFORMATION:   STATIC OVERLAYABLE
   CODE SIZE        =     23    ----
   CONSTANT SIZE    =   ----    ----
   XDATA SIZE       =   ----    ----
   PDATA SIZE       =   ----    ----
   DATA SIZE        =   ----    ----
   IDATA SIZE       =   ----    ----
   BIT SIZE         =   ----    ----
END OF MODULE INFORMATION.


C51 COMPILATION COMPLETE.  0 WARNING(S),  0 ERROR(S)
