C51 COMPILER V9.60.0.0   BUZZER                                                            03/28/2021 23:06:44 PAGE 1   


C51 COMPILER V9.60.0.0, COMPILATION OF MODULE BUZZER
OBJECT MODULE PLACED IN .\Objects\BUZZER.obj
COMPILER INVOKED BY: C:\Keil_v5\C51\BIN\C51.EXE BUZZER.c OPTIMIZE(8,SPEED) BROWSE DEBUG OBJECTEXTEND PRINT(.\Listings\BU
                    -ZZER.lst) TABS(2) OBJECT(.\Objects\BUZZER.obj)

line level    source

   1          #include<reg51.h>
   2          #include<intrins.h>
   3          #include<main.h>
   4          #include<BUZZER.h>


MODULE INFORMATION:   STATIC OVERLAYABLE
   CODE SIZE        =   ----    ----
   CONSTANT SIZE    =   ----    ----
   XDATA SIZE       =   ----    ----
   PDATA SIZE       =   ----    ----
   DATA SIZE        =   ----    ----
   IDATA SIZE       =   ----    ----
   BIT SIZE         =   ----    ----
END OF MODULE INFORMATION.


C51 COMPILATION COMPLETE.  0 WARNING(S),  0 ERROR(S)
