C51 COMPILER V8.08   3                                                                     08/15/2015 12:44:56 PAGE 1   


C51 COMPILER V8.08, COMPILATION OF MODULE 3
OBJECT MODULE PLACED IN 3.OBJ
COMPILER INVOKED BY: C:\Keil\C51\BIN\C51.EXE 3.c BROWSE DEBUG OBJECTEXTEND

line level    source

   1          /*********************************************************************************
   2          * 【编写时间】： 2014年3月5日
   3          * 【作    者】： 清翔电子:03
   4          * 【版    本】： 1.0
   5          * 【网    站】： http://www.qxmcu.com/ 
   6          * 【淘宝店铺】： http://qxmcu.taobao.com/ 
   7          * 【实验平台】： QX-MCS51 单片机开发板
   8          * 【外部晶振】： 11.0592mhz     
   9          * 【主控芯片】： STC89C52
  10          * 【编译环境】： Keil μVisio3  
  11          * 【程序功能】： 让QX-MCS51实验板的第一位闪烁地显示数字3                                                                                    
  12          * 【使用说明】： 
  13          *  说明：免费开源，不提供源代码分析.
  14          **********************************************************************************/
  15          
  16          #include <reg51.h>
  17          
  18          sbit dula=P2^6;         //段选信号的锁存器控制
  19          sbit wela=P2^7;         //位选信号的锁存器控制
  20          
  21          void delay(unsigned int i)
  22          {
  23   1              unsigned int m,n;
  24   1              for(m=i;m>0;m--)
  25   1                      for(n=90;n>0;n--);
  26   1      }
  27          
  28          void main()
  29          {
  30   1              while(1)
  31   1              {
  32   2                              P0=0xfe;           
  33   2                              wela=1;
  34   2                              wela=0;
  35   2      
  36   2                              P0=0x4f;          //数字“3”的代码
  37   2                              dula=1;
  38   2                              dula=0;
  39   2                              delay(1000);
  40   2      
  41   2                              P0=0x00;          //什么都不显示的代码
  42   2                              dula=1;
  43   2                              dula=0;
  44   2                              delay(1000);
  45   2              }
  46   1      }
  47          


MODULE INFORMATION:   STATIC OVERLAYABLE
   CODE SIZE        =     59    ----
   CONSTANT SIZE    =   ----    ----
   XDATA SIZE       =   ----    ----
   PDATA SIZE       =   ----    ----
   DATA SIZE        =   ----    ----
C51 COMPILER V8.08   3                                                                     08/15/2015 12:44:56 PAGE 2   

   IDATA SIZE       =   ----    ----
   BIT SIZE         =   ----    ----
END OF MODULE INFORMATION.


C51 COMPILATION COMPLETE.  0 WARNING(S),  0 ERROR(S)
