C51 COMPILER V8.08   STDLIB                                                                08/19/2015 10:48:17 PAGE 1   


C51 COMPILER V8.08, COMPILATION OF MODULE STDLIB
OBJECT MODULE PLACED IN stdlib.OBJ
COMPILER INVOKED BY: C:\Keil\C51\BIN\C51.EXE stdlib.c BROWSE DEBUG OBJECTEXTEND

line level    source

   1          /*********************************************************************************
   2          * 【编写时间】： 2014年3月5日
   3          * 【作    者】： 清翔电子:03
   4          * 【版    本】： 1.0
   5          * 【网    站】： http://www.qxmcu.com/ 
   6          * 【淘宝店铺】： http://qxmcu.taobao.com/ 
   7          * 【实验平台】： QX-MCS51 单片机开发板
   8          * 【外部晶振】： 11.0592mhz     
   9          * 【主控芯片】： STC89C52
  10          * 【编译环境】： Keil μVisio3  
  11          * 【程序功能】：                                                                                    
  12          * 【使用说明】： 
  13          *  说明：免费开源，不提供源代码分析.
  14          **********************************************************************************/
  15          /******************************************************************
  16          程序功能：      介绍一种产生随机数的方法，通过调用stdlib.h头文件，运用函数rand（）。
  17                                  本例子为产生1到10之间的随机数，并将其送往P1口，通过led亮灭表示的二进制码来验证。
  18          ****************************************************************************/
  19          #include <reg52.h>
  20          #include <stdlib.h>     //包含产生随机数用到的rand()函数。
  21          
  22          delay()
  23          {
  24   1              unsigned char m,n;
  25   1              for(m=250;m>0;m--)
  26   1                      for(n=250;n>0;n--);
  27   1      }
  28          
  29          main()
  30          {       
  31   1              unsigned long RAND_MAX=32767;
  32   1              while(1)
  33   1              {
  34   2                      P1=1+(unsigned char)(10.0*rand()/(RAND_MAX)+1.0);
  35   2                      // rand()返回一个0到32767之间的伪随机数。此语句将其
  36   2                      //产生的伪随机数缩至1到10之间的范围内。
  37   2                      delay();
  38   2              }
  39   1      }


MODULE INFORMATION:   STATIC OVERLAYABLE
   CODE SIZE        =    102    ----
   CONSTANT SIZE    =   ----    ----
   XDATA SIZE       =   ----    ----
   PDATA SIZE       =   ----    ----
   DATA SIZE        =   ----       4
   IDATA SIZE       =   ----    ----
   BIT SIZE         =   ----    ----
END OF MODULE INFORMATION.


C51 COMPILATION COMPLETE.  0 WARNING(S),  0 ERROR(S)
