
**** Build of configuration Debug for project LPCRC ****

"D:\\Program Files\\ccs1100\\ccs\\utils\\bin\\gmake" -k -j 4 all -O 
 
Building file: "../main.c"
Invoking: MSP430 Compiler
"D:/Program Files/ccs1100/ccs/tools/compiler/ti-cgt-msp430_21.6.0.LTS/bin/cl430" -vmsp --use_hw_mpy=none --include_path="D:/Program Files/ccs1100/ccs/ccs_base/msp430/include" --include_path="E:/Code/Clocks/RADIO CLOCK version 4" --include_path="D:/Program Files/ccs1100/ccs/tools/compiler/ti-cgt-msp430_21.6.0.LTS/include" --advice:power=all --define=__MSP430G2553__ -g --printf_support=minimal --diag_warning=225 --diag_wrap=off --display_error_number --preproc_with_compile --preproc_dependency="main.d_raw"  "../main.c"
"../main.c", line 68: remark #1530-D: (ULP 5.1) Detected divide operation(s). Recommend moving them to RAM during run time or not using as these are processing/power intensive
"../main.c", line 69: remark #1530-D: (ULP 5.1) Detected modulo operation(s). Recommend moving them to RAM during run time or not using as these are processing/power intensive
"../main.c", line 70: remark #1530-D: (ULP 5.1) Detected divide operation(s). Recommend moving them to RAM during run time or not using as these are processing/power intensive
"../main.c", line 71: remark #1530-D: (ULP 5.1) Detected modulo operation(s). Recommend moving them to RAM during run time or not using as these are processing/power intensive
"../main.c", line 78: remark #1530-D: (ULP 5.1) Detected divide operation(s). Recommend moving them to RAM during run time or not using as these are processing/power intensive
"../main.c", line 79: remark #1530-D: (ULP 5.1) Detected modulo operation(s). Recommend moving them to RAM during run time or not using as these are processing/power intensive
"../main.c", line 84: remark #1530-D: (ULP 5.1) Detected divide operation(s). Recommend moving them to RAM during run time or not using as these are processing/power intensive
"../main.c", line 85: remark #1530-D: (ULP 5.1) Detected modulo operation(s). Recommend moving them to RAM during run time or not using as these are processing/power intensive
"../main.c", line 86: remark #1530-D: (ULP 5.1) Detected divide operation(s). Recommend moving them to RAM during run time or not using as these are processing/power intensive
"../main.c", line 87: remark #1530-D: (ULP 5.1) Detected modulo operation(s). Recommend moving them to RAM during run time or not using as these are processing/power intensive
"../main.c", line 95: remark #1530-D: (ULP 5.1) Detected modulo operation(s). Recommend moving them to RAM during run time or not using as these are processing/power intensive
"../main.c", line 100: remark #1530-D: (ULP 5.1) Detected divide operation(s). Recommend moving them to RAM during run time or not using as these are processing/power intensive
"../main.c", line 101: remark #1530-D: (ULP 5.1) Detected modulo operation(s). Recommend moving them to RAM during run time or not using as these are processing/power intensive
"../main.c", line 102: remark #1530-D: (ULP 5.1) Detected modulo operation(s). Recommend moving them to RAM during run time or not using as these are processing/power intensive
"../main.c", line 103: remark #1530-D: (ULP 5.1) Detected modulo operation(s). Recommend moving them to RAM during run time or not using as these are processing/power intensive
"../main.c", line 111: remark #1530-D: (ULP 5.1) Detected divide operation(s). Recommend moving them to RAM during run time or not using as these are processing/power intensive
"../main.c", line 112: remark #1530-D: (ULP 5.1) Detected modulo operation(s). Recommend moving them to RAM during run time or not using as these are processing/power intensive
"../main.c", line 113: remark #1530-D: (ULP 5.1) Detected divide operation(s). Recommend moving them to RAM during run time or not using as these are processing/power intensive
"../main.c", line 114: remark #1530-D: (ULP 5.1) Detected modulo operation(s). Recommend moving them to RAM during run time or not using as these are processing/power intensive
"../main.c", line 119: remark #1530-D: (ULP 5.1) Detected divide operation(s). Recommend moving them to RAM during run time or not using as these are processing/power intensive
"../main.c", line 120: remark #1530-D: (ULP 5.1) Detected modulo operation(s). Recommend moving them to RAM during run time or not using as these are processing/power intensive
"../main.c", line 121: remark #1530-D: (ULP 5.1) Detected divide operation(s). Recommend moving them to RAM during run time or not using as these are processing/power intensive
"../main.c", line 122: remark #1530-D: (ULP 5.1) Detected modulo operation(s). Recommend moving them to RAM during run time or not using as these are processing/power intensive
"../main.c", line 129: remark #1530-D: (ULP 5.1) Detected divide operation(s). Recommend moving them to RAM during run time or not using as these are processing/power intensive
"../main.c", line 130: remark #1530-D: (ULP 5.1) Detected modulo operation(s). Recommend moving them to RAM during run time or not using as these are processing/power intensive
"../main.c", line 138: remark #1530-D: (ULP 5.1) Detected modulo operation(s). Recommend moving them to RAM during run time or not using as these are processing/power intensive
"../main.c", line 143: remark #1530-D: (ULP 5.1) Detected divide operation(s). Recommend moving them to RAM during run time or not using as these are processing/power intensive
"../main.c", line 144: remark #1530-D: (ULP 5.1) Detected modulo operation(s). Recommend moving them to RAM during run time or not using as these are processing/power intensive
"../main.c", line 145: remark #1530-D: (ULP 5.1) Detected divide operation(s). Recommend moving them to RAM during run time or not using as these are processing/power intensive
"../main.c", line 146: remark #1530-D: (ULP 5.1) Detected modulo operation(s). Recommend moving them to RAM during run time or not using as these are processing/power intensive
"../main.c", line 151: remark #1530-D: (ULP 5.1) Detected divide operation(s). Recommend moving them to RAM during run time or not using as these are processing/power intensive
"../main.c", line 152: remark #1530-D: (ULP 5.1) Detected modulo operation(s). Recommend moving them to RAM during run time or not using as these are processing/power intensive
"../main.c", line 153: remark #1530-D: (ULP 5.1) Detected divide operation(s). Recommend moving them to RAM during run time or not using as these are processing/power intensive
"../main.c", line 154: remark #1530-D: (ULP 5.1) Detected modulo operation(s). Recommend moving them to RAM during run time or not using as these are processing/power intensive
"../main.c", line 159: remark #1530-D: (ULP 5.1) Detected divide operation(s). Recommend moving them to RAM during run time or not using as these are processing/power intensive
"../main.c", line 160: remark #1530-D: (ULP 5.1) Detected modulo operation(s). Recommend moving them to RAM during run time or not using as these are processing/power intensive
"../main.c", line 161: remark #1530-D: (ULP 5.1) Detected modulo operation(s). Recommend moving them to RAM during run time or not using as these are processing/power intensive
"../main.c", line 162: remark #1530-D: (ULP 5.1) Detected modulo operation(s). Recommend moving them to RAM during run time or not using as these are processing/power intensive
"../main.c", line 186: remark #1530-D: (ULP 5.1) Detected modulo operation(s). Recommend moving them to RAM during run time or not using as these are processing/power intensive
"../main.c", line 188: remark #2553-D: (ULP 14.1) Array index (involving "innerClock") of type "int". Recommend using "unsigned int"
"../main.c", line 197: remark #1530-D: (ULP 5.1) Detected modulo operation(s). Recommend moving them to RAM during run time or not using as these are processing/power intensive
"../main.c", line 244: remark #1530-D: (ULP 5.1) Detected modulo operation(s). Recommend moving them to RAM during run time or not using as these are processing/power intensive
"../main.c", line 248: remark #1530-D: (ULP 5.1) Detected modulo operation(s). Recommend moving them to RAM during run time or not using as these are processing/power intensive
"../main.c", line 251: remark #2553-D: (ULP 14.1) Array index (involving "currentReceivedTime") of type "int". Recommend using "unsigned int"
"../main.c", line 274: remark #1530-D: (ULP 5.1) Detected modulo operation(s). Recommend moving them to RAM during run time or not using as these are processing/power intensive
"../main.c", line 294: remark #1544-D: (ULP 13.1) Detected loop counting up. Recommend loops count down as detecting zeros is easier
"../main.c", line 295: remark #1545-D: (ULP 14.1) Array index of type "int". Recommend using "unsigned int"
"../main.c", line 295: remark #1530-D: (ULP 5.1) Detected modulo operation(s). Recommend moving them to RAM during run time or not using as these are processing/power intensive
"../main.c", line 295: remark #1545-D: (ULP 14.1) Array index of type "int". Recommend using "unsigned int"
"../main.c", line 301: remark #2553-D: (ULP 14.1) Array index (involving "decodePointer") of type "int". Recommend using "unsigned int"
"../main.c", line 301: remark #1530-D: (ULP 5.1) Detected modulo operation(s). Recommend moving them to RAM during run time or not using as these are processing/power intensive
"../main.c", line 316: remark #2553-D: (ULP 14.1) Array index (involving "decodePointer") of type "int". Recommend using "unsigned int"
"../main.c", line 316: remark #1530-D: (ULP 5.1) Detected modulo operation(s). Recommend moving them to RAM during run time or not using as these are processing/power intensive
"../main.c", line 317: remark #2553-D: (ULP 14.1) Array index (involving "decodePointer") of type "int". Recommend using "unsigned int"
"../main.c", line 317: remark #1530-D: (ULP 5.1) Detected modulo operation(s). Recommend moving them to RAM during run time or not using as these are processing/power intensive
"../main.c", line 318: remark #2553-D: (ULP 14.1) Array index (involving "decodePointer") of type "int". Recommend using "unsigned int"
"../main.c", line 318: remark #1530-D: (ULP 5.1) Detected modulo operation(s). Recommend moving them to RAM during run time or not using as these are processing/power intensive
"../main.c", line 321: remark #2553-D: (ULP 14.1) Array index (involving "decodePointer") of type "int". Recommend using "unsigned int"
"../main.c", line 321: remark #1530-D: (ULP 5.1) Detected modulo operation(s). Recommend moving them to RAM during run time or not using as these are processing/power intensive
"../main.c", line 322: remark #2553-D: (ULP 14.1) Array index (involving "decodePointer") of type "int". Recommend using "unsigned int"
"../main.c", line 322: remark #1530-D: (ULP 5.1) Detected modulo operation(s). Recommend moving them to RAM during run time or not using as these are processing/power intensive
"../main.c", line 323: remark #2553-D: (ULP 14.1) Array index (involving "decodePointer") of type "int". Recommend using "unsigned int"
"../main.c", line 323: remark #1530-D: (ULP 5.1) Detected modulo operation(s). Recommend moving them to RAM during run time or not using as these are processing/power intensive
"../main.c", line 323: remark #2553-D: (ULP 14.1) Array index (involving "decodePointer") of type "int". Recommend using "unsigned int"
"../main.c", line 326: remark #2553-D: (ULP 14.1) Array index (involving "decodePointer") of type "int". Recommend using "unsigned int"
"../main.c", line 326: remark #1530-D: (ULP 5.1) Detected modulo operation(s). Recommend moving them to RAM during run time or not using as these are processing/power intensive
"../main.c", line 327: remark #2553-D: (ULP 14.1) Array index (involving "decodePointer") of type "int". Recommend using "unsigned int"
"../main.c", line 327: remark #1530-D: (ULP 5.1) Detected modulo operation(s). Recommend moving them to RAM during run time or not using as these are processing/power intensive
"../main.c", line 330: remark #2553-D: (ULP 14.1) Array index (involving "decodePointer") of type "int". Recommend using "unsigned int"
"../main.c", line 330: remark #1530-D: (ULP 5.1) Detected modulo operation(s). Recommend moving them to RAM during run time or not using as these are processing/power intensive
"../main.c", line 331: remark #2553-D: (ULP 14.1) Array index (involving "decodePointer") of type "int". Recommend using "unsigned int"
"../main.c", line 331: remark #1530-D: (ULP 5.1) Detected modulo operation(s). Recommend moving them to RAM during run time or not using as these are processing/power intensive
"../main.c", line 332: remark #2553-D: (ULP 14.1) Array index (involving "decodePointer") of type "int". Recommend using "unsigned int"
"../main.c", line 332: remark #1530-D: (ULP 5.1) Detected modulo operation(s). Recommend moving them to RAM during run time or not using as these are processing/power intensive
"../main.c", line 335: remark #2553-D: (ULP 14.1) Array index (involving "decodePointer") of type "int". Recommend using "unsigned int"
"../main.c", line 335: remark #1530-D: (ULP 5.1) Detected modulo operation(s). Recommend moving them to RAM during run time or not using as these are processing/power intensive
"../main.c", line 336: remark #2553-D: (ULP 14.1) Array index (involving "decodePointer") of type "int". Recommend using "unsigned int"
"../main.c", line 336: remark #1530-D: (ULP 5.1) Detected modulo operation(s). Recommend moving them to RAM during run time or not using as these are processing/power intensive
"../main.c", line 339: remark #2553-D: (ULP 14.1) Array index (involving "decodePointer") of type "int". Recommend using "unsigned int"
"../main.c", line 339: remark #1530-D: (ULP 5.1) Detected modulo operation(s). Recommend moving them to RAM during run time or not using as these are processing/power intensive
"../main.c", line 340: remark #2553-D: (ULP 14.1) Array index (involving "decodePointer") of type "int". Recommend using "unsigned int"
"../main.c", line 340: remark #1530-D: (ULP 5.1) Detected modulo operation(s). Recommend moving them to RAM during run time or not using as these are processing/power intensive
"../main.c", line 341: remark #2553-D: (ULP 14.1) Array index (involving "decodePointer") of type "int". Recommend using "unsigned int"
"../main.c", line 341: remark #1530-D: (ULP 5.1) Detected modulo operation(s). Recommend moving them to RAM during run time or not using as these are processing/power intensive
"../main.c", line 360: remark #1530-D: (ULP 5.1) Detected modulo operation(s). Recommend moving them to RAM during run time or not using as these are processing/power intensive
"../main.c", line 364: remark #1530-D: (ULP 5.1) Detected modulo operation(s). Recommend moving them to RAM during run time or not using as these are processing/power intensive
"../main.c", line 367: remark #2553-D: (ULP 14.1) Array index (involving "lastReceivedTime") of type "int". Recommend using "unsigned int"
"../main.c", line 377: remark #1544-D: (ULP 13.1) Detected loop counting up. Recommend loops count down as detecting zeros is easier
"../main.c", line 378: remark #2553-D: (ULP 14.1) Array index (involving "i") of type "int". Recommend using "unsigned int"
"../main.c", line 378: remark #2553-D: (ULP 14.1) Array index (involving "i") of type "int". Recommend using "unsigned int"
"../main.c", line 388: remark #1544-D: (ULP 13.1) Detected loop counting up. Recommend loops count down as detecting zeros is easier
"../main.c", line 389: remark #2553-D: (ULP 14.1) Array index (involving "i") of type "int". Recommend using "unsigned int"
"../main.c", line 389: remark #2553-D: (ULP 14.1) Array index (involving "i") of type "int". Recommend using "unsigned int"
"../main.c", line 531: remark #2553-D: (ULP 14.1) Array index (involving "innerClock") of type "int". Recommend using "unsigned int"
"../main.c", line 536: remark #1530-D: (ULP 5.1) Detected modulo operation(s). Recommend moving them to RAM during run time or not using as these are processing/power intensive
"../main.c", line 556: remark #1530-D: (ULP 5.1) Detected modulo operation(s). Recommend moving them to RAM during run time or not using as these are processing/power intensive
"../main.c", line 572: remark #2553-D: (ULP 14.1) Array index (involving "innerClock") of type "int". Recommend using "unsigned int"
"../main.c", line 597: remark #1530-D: (ULP 5.1) Detected modulo operation(s). Recommend moving them to RAM during run time or not using as these are processing/power intensive
"../main.c", line 671: remark #1538-D: (ULP 10.1) ISR CCR0_ISR calls function PulseReferee. Recommend moving function call away from ISR, or inlining the function, or using pragmas
"../main.c", line 674: remark #1538-D: (ULP 10.1) ISR CCR0_ISR calls function Decode. Recommend moving function call away from ISR, or inlining the function, or using pragmas
"../main.c", line 674: remark #1538-D: (ULP 10.1) ISR CCR0_ISR calls function UpdateTime. Recommend moving function call away from ISR, or inlining the function, or using pragmas
"../main.c", line 675: remark #1538-D: (ULP 10.1) ISR CCR0_ISR calls function RadioListeningOff. Recommend moving function call away from ISR, or inlining the function, or using pragmas
"../main.c", line 679: remark #1530-D: (ULP 5.1) Detected modulo operation(s). Recommend moving them to RAM during run time or not using as these are processing/power intensive
"../main.c", line 686: remark #1538-D: (ULP 10.1) ISR CCR0_ISR calls function RadioListeningOff. Recommend moving function call away from ISR, or inlining the function, or using pragmas
"../main.c", line 692: remark #1538-D: (ULP 10.1) ISR CCR0_ISR calls function RunTwicePerSecond. Recommend moving function call away from ISR, or inlining the function, or using pragmas
"../main.c", line 703: remark #1538-D: (ULP 10.1) ISR PORT2_ISR calls function RadioListeningOff. Recommend moving function call away from ISR, or inlining the function, or using pragmas
"../main.c", line 730: remark #1527-D: (ULP 2.1) Detected SW delay loop using __delay_cycles. Recommend using a timer module instead
"../main.c", line 736: remark #1538-D: (ULP 10.1) ISR PORT1_ISR calls function P10_Onclick. Recommend moving function call away from ISR, or inlining the function, or using pragmas
"../main.c", line 739: remark #1538-D: (ULP 10.1) ISR PORT1_ISR calls function P13_Onclick. Recommend moving function call away from ISR, or inlining the function, or using pragmas
"../main.c", line 747: remark #1538-D: (ULP 10.1) ISR PORT1_ISR calls function RadioListeningOn. Recommend moving function call away from ISR, or inlining the function, or using pragmas
"../main.c", line 749: remark #1538-D: (ULP 10.1) ISR PORT1_ISR calls function P16_Onclick. Recommend moving function call away from ISR, or inlining the function, or using pragmas
"../main.c", line 753: remark #1538-D: (ULP 10.1) ISR PORT1_ISR calls function RadioListeningOn. Recommend moving function call away from ISR, or inlining the function, or using pragmas
"../main.c", line 755: remark #1538-D: (ULP 10.1) ISR PORT1_ISR calls function P17_Onclick. Recommend moving function call away from ISR, or inlining the function, or using pragmas
Finished building: "../main.c"
 
Building target: "LPCRC.out"
Invoking: MSP430 Linker
"D:/Program Files/ccs1100/ccs/tools/compiler/ti-cgt-msp430_21.6.0.LTS/bin/cl430" -vmsp --use_hw_mpy=none --advice:power=all --define=__MSP430G2553__ -g --printf_support=minimal --diag_warning=225 --diag_wrap=off --display_error_number -z -m"LPCRC.map" --heap_size=80 --stack_size=80 -i"D:/Program Files/ccs1100/ccs/ccs_base/msp430/include" -i"D:/Program Files/ccs1100/ccs/tools/compiler/ti-cgt-msp430_21.6.0.LTS/lib" -i"D:/Program Files/ccs1100/ccs/tools/compiler/ti-cgt-msp430_21.6.0.LTS/include" --reread_libs --diag_wrap=off --display_error_number --warn_sections --xml_link_info="LPCRC_linkInfo.xml" --use_hw_mpy=none --rom_model -o "LPCRC.out" "./ht1621.obj" "./main.obj" "../lnk_msp430g2553.cmd"  -llibc.a 
<Linking>
remark #10372-D: (ULP 4.1) Detected uninitialized Port 3 in this project. Recommend initializing all unused ports to eliminate wasted current consumption on unused pins.
Finished building target: "LPCRC.out"
 

**** Build Finished ****
