C51 COMPILER V8.08   0                                                                     04/26/2015 23:46:23 PAGE 1   


C51 COMPILER V8.08, COMPILATION OF MODULE 0
OBJECT MODULE PLACED IN 0.OBJ
COMPILER INVOKED BY: C:\Keil\C51\BIN\C51.EXE 0.c BROWSE DEBUG OBJECTEXTEND

line level    source

   1          /*********************************************************************************
   2          * 【编写时间】： 2014年3月5日
   3          * 【作    者】： 清翔电子:03
   4          * 【版    本】： 1.0
   5          * 【网    站】： http://www.qxmcu.com/ 
   6          * 【淘宝店铺】： http://qxmcu.taobao.com/
   7          * 【实验平台】： QX-MCS51 单片机开发板
   8          * 【外部晶振】： 11.0592mhz     
   9          * 【主控芯片】： STC89C52
  10          * 【编译环境】： Keil μVisio3  
  11          * 【程序功能】： 以独立按键中S3按键为例，示例独立键盘的使用方法。                                                                                   
  12          * 【使用说明】： 用led指示QX-MCS51实验板键盘最下面一排左侧的S3键的状态。
  13                                                  当按键按下时，led亮；松开后，灭。
  14          *  说明：免费开源，不提供源代码分析.
  15          **********************************************************************************/
  16          
  17          #include<reg51.h>
  18          
  19          sbit S3=P3^1;
  20          sbit led=P1^0;
  21          
  22          void main()
  23          {
  24   1              while(1)                   //通过大循环不断扫描按键状态
  25   1              {
  26   2                      if(S3==0)
  27   2                              led=0;
  28   2                      else
  29   2                              led=1;
  30   2              }
  31   1      }


MODULE INFORMATION:   STATIC OVERLAYABLE
   CODE SIZE        =     11    ----
   CONSTANT SIZE    =   ----    ----
   XDATA SIZE       =   ----    ----
   PDATA SIZE       =   ----    ----
   DATA SIZE        =   ----    ----
   IDATA SIZE       =   ----    ----
   BIT SIZE         =   ----    ----
END OF MODULE INFORMATION.


C51 COMPILATION COMPLETE.  0 WARNING(S),  0 ERROR(S)
