C51 COMPILER V8.08   JISHIQI                                                               08/17/2015 17:11:51 PAGE 1   


C51 COMPILER V8.08, COMPILATION OF MODULE JISHIQI
OBJECT MODULE PLACED IN jishiqi.OBJ
COMPILER INVOKED BY: C:\Keil\C51\BIN\C51.EXE jishiqi.c BROWSE DEBUG OBJECTEXTEND

line level    source

   1          /*********************************************************************************
   2          * 【编写时间】： 2014年3月5日
   3          * 【作    者】： 清翔电子:03
   4          * 【版    本】： 1.0
   5          * 【网    站】： http://www.qxmcu.com/ 
   6          * 【淘宝店铺】： http://qxmcu.taobao.com/ 
   7          * 【实验平台】： QX-MCS51 单片机开发板
   8          * 【外部晶振】： 11.0592mhz     
   9          * 【主控芯片】： STC89C52
  10          * 【编译环境】： Keil μVisio3  
  11          * 【程序功能】：                                                                                    
  12          * 【使用说明】： 
  13          *  说明：免费开源，不提供源代码分析.
  14          **********************************************************************************/
  15          //可实现计时功能，最大计时时间为99小时。
  16          //支持暂停功能，按键盘中左下角的S2键，可暂停计时;按下S3，可继续计时。
  17          //注意晶振需为11.0592M。
  18          //若为其他数值晶振，请改变TH0与TL0参数值，否则计时会有很大误差 。
  19          
  20          #include<reg51.h>
  21          
  22          #define uchar unsigned char
  23          
  24          sbit dula=P2^6;
  25          sbit wela=P2^7;
  26          sbit beep=P2^3;
  27          sbit S2=P3^0;
  28          sbit S3=P3^1;
  29          unsigned char halt,j,k,a1,a0,b1,b0,c1,c0,s,f,m,n=255;
  30          unsigned int pp;
  31          unsigned char code table[]={0x3f,0x06,0x5b,0x4f,0x66,0x6d,0x7d,
  32                                  0x07,0x7f,0x6f,0x77,0x7c,0x39,0x5e,0x79,0x71};
  33          
  34          void delay(unsigned char i)
  35          {
  36   1        for(j=i;j>0;j--)
  37   1          for(k=125;k>0;k--);
  38   1      }
  39          
  40          void display(uchar shi2,uchar shi1,uchar fen2,uchar fen1,uchar miao2,uchar miao1)
  41          {
  42   1         dula=0;
  43   1         P0=table[shi2];
  44   1         dula=1;
  45   1         dula=0;
  46   1         
  47   1         wela=0;
  48   1         P0=0xfe;
  49   1         wela=1;
  50   1         wela=0;
  51   1         delay(5);
  52   1         
  53   1         P0=table[shi1]|0x80;
  54   1         dula=1;
  55   1         dula=0;
C51 COMPILER V8.08   JISHIQI                                                               08/17/2015 17:11:51 PAGE 2   

  56   1         
  57   1         P0=0xfd;
  58   1         wela=1;
  59   1         wela=0;
  60   1         delay(5);
  61   1      
  62   1         P0=table[fen2];
  63   1         dula=1;
  64   1         dula=0;
  65   1         
  66   1         P0=0xfb;
  67   1         wela=1;
  68   1         wela=0;
  69   1         delay(5);
  70   1         
  71   1         P0=table[fen1]|0x80;
  72   1         dula=1;
  73   1         dula=0;
  74   1         
  75   1         P0=0xf7;
  76   1         wela=1;
  77   1         wela=0;
  78   1         delay(5);
  79   1         
  80   1         P0=table[miao2];
  81   1         dula=1;
  82   1         dula=0;
  83   1         
  84   1         P0=0xef;
  85   1         wela=1;
  86   1         wela=0;
  87   1         delay(5);
  88   1         
  89   1         P0=table[miao1];
  90   1         dula=1;
  91   1         dula=0;
  92   1         
  93   1         P0=0xdf;
  94   1         wela=1;
  95   1         wela=0;
  96   1         delay(5);
  97   1      }
  98          
  99          void keyscan()
 100          {
 101   1              if(S2==0)
 102   1              delay(10);
 103   1              if(S2==0)
 104   1              {
 105   2                      halt=1;
 106   2              }
 107   1              if(S3==0)
 108   1              halt=0;
 109   1      }
 110          
 111          void main()
 112          {
 113   1              TMOD=0x01;
 114   1              TR0=1;
 115   1              TH0=(65536-46080)/256;// 由于晶振为11.0592,故所记次数应为46080，计时器每隔50000微秒发起一次中断。
 116   1              TL0=(65536-46080)%256;//46080的来历，为50000*11.0592/12
 117   1              ET0=1;
C51 COMPILER V8.08   JISHIQI                                                               08/17/2015 17:11:51 PAGE 3   

 118   1              EA=1;
 119   1              while(1)
 120   1              {       keyscan();
 121   2                      if(halt==0)
 122   2                      {
 123   3                      TR0=1;
 124   3                      if(pp==20)
 125   3                      {       pp=0;
 126   4                              m++;
 127   4                              n--;
 128   4                              P1=n;//闪烁灯
 129   4                              if(m==60)
 130   4                              {
 131   5                                      m=0;
 132   5                                      f++;
 133   5                                      if(f==60)
 134   5                                      {
 135   6                                              f=0;
 136   6                                              s++;
 137   6                                              if(s==99)
 138   6                                              {
 139   7                                                      s=0;
 140   7                                              }
 141   6                                      }
 142   5                              }
 143   4                      }
 144   3                      
 145   3                      a0=s%10;
 146   3                      a1=s/10;
 147   3                      b0=f%10;
 148   3                      b1=f/10;
 149   3                      c0=m%10;
 150   3                      c1=m/10;
 151   3                      display(a1,a0,b1,b0,c1,c0);
 152   3              }
 153   2              else 
 154   2              TR0=0;
 155   2              display(a1,a0,b1,b0,c1,c0);
 156   2              }
 157   1      }
 158          
 159          void time0() interrupt 1
 160          {TH0=(65536-46080)/256;
 161   1              TL0=(65536-46080)%256;
 162   1              pp++;
 163   1      }


MODULE INFORMATION:   STATIC OVERLAYABLE
   CODE SIZE        =    325    ----
   CONSTANT SIZE    =     16    ----
   XDATA SIZE       =   ----    ----
   PDATA SIZE       =   ----    ----
   DATA SIZE        =     15       6
   IDATA SIZE       =   ----    ----
   BIT SIZE         =   ----    ----
END OF MODULE INFORMATION.


C51 COMPILATION COMPLETE.  0 WARNING(S),  0 ERROR(S)
