C51 COMPILER V8.08   HONG                                                                  08/19/2015 10:51:30 PAGE 1   


C51 COMPILER V8.08, COMPILATION OF MODULE HONG
OBJECT MODULE PLACED IN hong.OBJ
COMPILER INVOKED BY: C:\Keil\C51\BIN\C51.EXE hong.c BROWSE DEBUG OBJECTEXTEND

line level    source

   1          /*********************************************************************************
   2          * 【编写时间】： 2014年3月5日
   3          * 【作    者】： 清翔电子:03
   4          * 【版    本】： 1.0
   5          * 【网    站】： http://www.qxmcu.com/ 
   6          * 【淘宝店铺】： http://qxmcu.taobao.com/ 
   7          * 【实验平台】： QX-MCS51 单片机开发板
   8          * 【外部晶振】： 11.0592mhz     
   9          * 【主控芯片】： STC89C52
  10          * 【编译环境】： Keil μVisio3  
  11          * 【程序功能】：                                                                                    
  12          * 【使用说明】： 
  13          *  说明：免费开源，不提供源代码分析.
  14          **********************************************************************************/
  15          /******************************************************************
  16          程序功能：      介绍宏定义的方式与用法。
  17          ****************************************************************************/
  18          #include <reg52.h>
  19          
  20          #define  uchar unsigned char  //定义uchar 即unsigned char 
  21          
  22          #define add(a,b)  a+b             //带参数的宏定义
  23          
  24          void main()
  25          {
  26   1              uchar he;          //相当与unsigned char he;
  27   1              he=add(1,2);   //相当于he=1+2
  28   1              P1=he;
  29   1              while(1);
  30   1      }


MODULE INFORMATION:   STATIC OVERLAYABLE
   CODE SIZE        =      5    ----
   CONSTANT SIZE    =   ----    ----
   XDATA SIZE       =   ----    ----
   PDATA SIZE       =   ----    ----
   DATA SIZE        =   ----    ----
   IDATA SIZE       =   ----    ----
   BIT SIZE         =   ----    ----
END OF MODULE INFORMATION.


C51 COMPILATION COMPLETE.  0 WARNING(S),  0 ERROR(S)
