C51 COMPILER V8.08   DAOJISHI                                                              08/17/2015 18:29:44 PAGE 1   


C51 COMPILER V8.08, COMPILATION OF MODULE DAOJISHI
OBJECT MODULE PLACED IN daojishi.OBJ
COMPILER INVOKED BY: C:\Keil\C51\BIN\C51.EXE daojishi.c BROWSE DEBUG OBJECTEXTEND

line level    source

   1          /*********************************************************************************
   2          * 【编写时间】： 2014年3月5日
   3          * 【作    者】： 清翔电子:03
   4          * 【版    本】： 1.0
   5          * 【网    站】： http://www.qxmcu.com/ 
   6          * 【淘宝店铺】： http://qxmcu.taobao.com/ 
   7          * 【实验平台】： QX-MCS51 单片机开发板
   8          * 【外部晶振】： 11.0592mhz     
   9          * 【主控芯片】： STC89C52
  10          * 【编译环境】： Keil μVisio3  
  11          * 【程序功能】：                                                                                    
  12          * 【使用说明】： 
  13          *  说明：免费开源，不提供源代码分析.
  14          **********************************************************************************/     
  15          
  16          
  17          #include<reg51.h>
  18          
  19          sbit dula=P2^6;
  20          sbit wela=P2^7;
  21          sbit beep=P2^3;
  22          unsigned char j,k,a1,a0,s=60;
  23          unsigned int m;
  24          unsigned char code table[]={0x3f,0x06,0x5b,0x4f,0x66,0x6d,0x7d,
  25                                  0x07,0x7f,0x6f,0x77,0x7c,0x39,0x5e,0x79,0x71};
  26          
  27          void delay(unsigned char i)
  28          {
  29   1        for(j=i;j>0;j--)
  30   1          for(k=125;k>0;k--);
  31   1      }
  32          void display(unsigned char sh_c,unsigned char g_c)
  33          {
  34   1         dula=0;
  35   1         P0=table[sh_c];
  36   1         dula=1;
  37   1         dula=0;
  38   1         
  39   1         wela=0;
  40   1         P0=0xfe;
  41   1         wela=1;
  42   1         wela=0;
  43   1         delay(5);
  44   1         
  45   1         P0=table[g_c];
  46   1         dula=1;
  47   1         dula=0;
  48   1         
  49   1         P0=0xfd;
  50   1         wela=1;
  51   1         wela=0;
  52   1         delay(5);
  53   1      }
  54          
  55          void main()
C51 COMPILER V8.08   DAOJISHI                                                              08/17/2015 18:29:44 PAGE 2   

  56          {
  57   1              TMOD=0x01;
  58   1              TR0=1;
  59   1              TH0=(65536-46080)/256;// 由于晶振为11.0592,故所记次数应为46080，计时器每隔50000微秒发起一次中断。
  60   1              TL0=(65536-46080)%256;//46080的来历，为50000*11.0592/12
  61   1              ET0=1;
  62   1              EA=1;
  63   1              while(1)
  64   1              {
  65   2                      if(m==20)
  66   2                      {       m=0;
  67   3                              s--;
  68   3                      }
  69   2                      a0=s%10;
  70   2                      a1=s/10;
  71   2                      display(a1,a0);
  72   2                      if(s==0)
  73   2                      {
  74   3                              TR0=0;//时间到，定时器关闭
  75   3                              beep=0;//蜂鸣器响，报时。
  76   3                      }       
  77   2              }
  78   1      }
  79          
  80          void time0() interrupt 1
  81          {TH0=(65536-46080)/256;
  82   1              TL0=(65536-46080)%256;
  83   1              m++;
  84   1      }


MODULE INFORMATION:   STATIC OVERLAYABLE
   CODE SIZE        =    148    ----
   CONSTANT SIZE    =     16    ----
   XDATA SIZE       =   ----    ----
   PDATA SIZE       =   ----    ----
   DATA SIZE        =      7    ----
   IDATA SIZE       =   ----    ----
   BIT SIZE         =   ----    ----
END OF MODULE INFORMATION.


C51 COMPILATION COMPLETE.  0 WARNING(S),  0 ERROR(S)
