C51 COMPILER V8.08   MAIN                                                                  09/09/2015 11:30:21 PAGE 1   


C51 COMPILER V8.08, COMPILATION OF MODULE MAIN
OBJECT MODULE PLACED IN main.OBJ
COMPILER INVOKED BY: C:\Keil\C51\BIN\C51.EXE main.c BROWSE DEBUG OBJECTEXTEND

line level    source

   1          /*********************************************************************************
   2          * 【编写时间】： 2014年3月5日
   3          * 【作    者】： 清翔电子:03
   4          * 【版    本】： 1.0
   5          * 【网    站】： http://www.qxmcu.com/ 
   6          * 【淘宝店铺】： http://qxmcu.taobao.com/ 
   7          * 【实验平台】： QX-MCS51 单片机开发板
   8          * 【外部晶振】： 11.0592mhz     
   9          * 【主控芯片】： STC89C52
  10          * 【编译环境】： Keil μVisio3  
  11          * 【程序功能】：                                                                                    
  12          * 【使用说明】： 液晶1脚接1602黑色排母的1脚  如果是无背光的液晶只有14个脚 排母右边空2个位   
  13                           请把液晶对比度电位器顺时针调制10点钟方向，请勿多调超出极限位置会损坏电位器！
  14          
  15          *  说明：免费开源，不提供源代码分析.
  16          **********************************************************************************/
  17          /*
  18          
  19                  //-------------------------程序功能-------------------------//
  20                  硬件平台：QX-X3/QX-MCS51        
  21                   读取清翔电子开发板上4通道AD值，LCD1602以16进制实时显示。
  22          
  23                  //---------------------------备注---------------------------//
  24          
  25                  //-------------------------使用说明-------------------------//
  26          
  27          **********************************************************************/
  28          #include "qxmcs51_config.h"//清翔QX-MCS51单片机开发板配置文件
  29          #include "delay.h"                 
  30          #include "LCD1602.h"
  31          #include "IIC.h"
  32          #include "PCF8591.H"
  33          
  34          
  35          void main()
  36          {
  37   1              INT8U ADC_Value;  
  38   1              LCD1602_Init(); //LCD1602初始化
  39   1              I2C_Init();
  40   1              LCD1602_Write_String(0, 0, "CH0:");
  41   1              LCD1602_Write_String(8, 0, "CH1:");
  42   1              LCD1602_Write_String(0, 1, "CH2:");
  43   1              LCD1602_Write_String(8, 1, "CH3:");
  44   1              while(1)
  45   1              {
  46   2                      I2C_ADC_ReadData(1, &ADC_Value);
  47   2                      LCD1602_Write_String(4, 0, INT8UtostrHEX(ADC_Value));  // 通道0  V1电位器
  48   2                      Delay_Ms(100);
  49   2                      
  50   2                      I2C_ADC_ReadData(2, &ADC_Value);                                                          
  51   2                      LCD1602_Write_String(12, 0, INT8UtostrHEX(ADC_Value)); // 通道1   V2电位器
  52   2                      Delay_Ms(100);
  53   2      
  54   2                      I2C_ADC_ReadData(3, &ADC_Value);
  55   2                      LCD1602_Write_String(4, 1, INT8UtostrHEX(ADC_Value)); // 通道2    J6  光敏热敏接口
C51 COMPILER V8.08   MAIN                                                                  09/09/2015 11:30:21 PAGE 2   

  56   2                      Delay_Ms(100);
  57   2      
  58   2                      I2C_ADC_ReadData(0, &ADC_Value);
  59   2                      LCD1602_Write_String(12, 1, INT8UtostrHEX(ADC_Value));// 通道3     J7 接口
  60   2                      Delay_Ms(100); 
  61   2              }       
  62   1      
  63   1      }


MODULE INFORMATION:   STATIC OVERLAYABLE
   CODE SIZE        =    179    ----
   CONSTANT SIZE    =     20    ----
   XDATA SIZE       =   ----    ----
   PDATA SIZE       =   ----    ----
   DATA SIZE        =   ----       1
   IDATA SIZE       =   ----    ----
   BIT SIZE         =   ----    ----
END OF MODULE INFORMATION.


C51 COMPILATION COMPLETE.  0 WARNING(S),  0 ERROR(S)
