C51 COMPILER V8.08   0                                                                     08/19/2015 11:41:07 PAGE 1   


C51 COMPILER V8.08, COMPILATION OF MODULE 0
OBJECT MODULE PLACED IN 0.OBJ
COMPILER INVOKED BY: C:\Keil\C51\BIN\C51.EXE 0.c BROWSE DEBUG OBJECTEXTEND

line level    source

   1          /*********************************************************************************
   2          * 【编写时间】： 2014年3月5日
   3          * 【作    者】： 清翔电子:03
   4          * 【版    本】： 1.0
   5          * 【网    站】： http://www.qxmcu.com/ 
   6          * 【淘宝店铺】： http://qxmcu.taobao.com/ 
   7          * 【实验平台】： QX-MCS51 单片机开发板
   8          * 【外部晶振】： 11.0592mhz     
   9          * 【主控芯片】： STC89C52
  10          * 【编译环境】： Keil μVisio3  
  11          * 【程序功能】：                                                                                    
  12          * 【使用说明】： 
  13          *  说明：免费开源，不提供源代码分析.
  14          **********************************************************************************/
  15          /******************************************************************
  16          程序功能：      演示有返回值函数的使用方法。
  17          ****************************************************************************/
  18          #include <reg52.h>
  19          
  20          //该函数为带有两个参数m，n且带有返回值的求和函数，返回值的类型为unsigned char
  21          unsigned char jia(unsigned char m,unsigned char n)
  22          {
  23   1              unsigned char he;
  24   1              he=m+n;
  25   1              return he; //此即为返回的数据，执行此函数后，便会把此值返回给调用该子函数的位置处。
  26   1      }
  27          
  28          void main()
  29          {
  30   1              unsigned i;
  31   1              i=jia(2,3);//此处调用的求和子函数，其中定义了参数值分别为2和3，
  32   1                                 //调用完求和函数后，i的值即为返回来的5。
  33   1              P1=i;      //将5送给P1口，二进制码为00000101，通过led亮灭显示出来
  34   1              while(1);
  35   1      }
  36          


MODULE INFORMATION:   STATIC OVERLAYABLE
   CODE SIZE        =     15    ----
   CONSTANT SIZE    =   ----    ----
   XDATA SIZE       =   ----    ----
   PDATA SIZE       =   ----    ----
   DATA SIZE        =   ----    ----
   IDATA SIZE       =   ----    ----
   BIT SIZE         =   ----    ----
END OF MODULE INFORMATION.


C51 COMPILATION COMPLETE.  0 WARNING(S),  0 ERROR(S)
