C51 COMPILER V8.08   ZZSZ                                                                  08/19/2015 11:42:55 PAGE 1   


C51 COMPILER V8.08, COMPILATION OF MODULE ZZSZ
OBJECT MODULE PLACED IN zzsz.OBJ
COMPILER INVOKED BY: C:\Keil\C51\BIN\C51.EXE zzsz.c BROWSE DEBUG OBJECTEXTEND

line level    source

   1          /*********************************************************************************
   2          * 【编写时间】： 2014年3月5日
   3          * 【作    者】： 清翔电子:03
   4          * 【版    本】： 1.0
   5          * 【网    站】： http://www.qxmcu.com/ 
   6          * 【淘宝店铺】： http://qxmcu.taobao.com/ 
   7          * 【实验平台】： QX-MCS51 单片机开发板
   8          * 【外部晶振】： 11.0592mhz     
   9          * 【主控芯片】： STC89C52
  10          * 【编译环境】： Keil μVisio3  
  11          * 【程序功能】：                                                                                    
  12          * 【使用说明】： 
  13          *  说明：免费开源，不提供源代码分析.
  14          **********************************************************************************/
  15          /******************************************************************
  16          程序功能：      演示指针数组的应用方法。
  17          ****************************************************************************/
  18          #include <reg52.h>
  19          
  20          void delay(void)          //一段小延时
  21          {
  22   1        unsigned char m,n;
  23   1        for(m=0;m<200;m++)
  24   1          for(n=0;n<200;n++);
  25   1      }
  26          
  27          void main(void)
  28          {  
  29   1              unsigned char code table[]={0xfe,0xfd,0xfb,0xf7,0xef,0xdf,0xbf,0x7f};
  30   1              unsigned char *p[ ]={&table[0],&table[1],&table[2],&table[3],&table[4],
  31   1                                                      &table[5],&table[6],&table[7]}; 
  32   1                                                      //使指针数组中的每一个变量均指向数组table[]中的相应地址。
  33   1                                                      //指针变量存放的是地址。
  34   1              unsigned char i;     
  35   1              while(1)
  36   1          {
  37   2                 for(i=0;i<8;i++)
  38   2                       {
  39   3                         P1=*p[i];    //i的变化，导致指针内容的变化，然后导致向P1传送的数值的变化。
  40   3                              delay();
  41   3                       }
  42   2               }
  43   1      }


MODULE INFORMATION:   STATIC OVERLAYABLE
   CODE SIZE        =     64    ----
   CONSTANT SIZE    =     32    ----
   XDATA SIZE       =   ----    ----
   PDATA SIZE       =   ----    ----
   DATA SIZE        =   ----      24
   IDATA SIZE       =   ----    ----
   BIT SIZE         =   ----    ----
END OF MODULE INFORMATION.


C51 COMPILATION COMPLETE.  0 WARNING(S),  0 ERROR(S)
