C51 COMPILER V8.08   MAIN                                                                  08/18/2015 10:32:30 PAGE 1   


C51 COMPILER V8.08, COMPILATION OF MODULE MAIN
OBJECT MODULE PLACED IN main.OBJ
COMPILER INVOKED BY: C:\Keil\C51\BIN\C51.EXE main.c BROWSE DEBUG OBJECTEXTEND

line level    source

   1          /**********************************************************************
   2          功能            ：
   3          WEB                     ：WWW.QXMCU.COM
   4          QQ                      ：863888999
   5          测试单片机      ：STC89C52
   6          外部晶振        ：11.0592M
   7          调试环境        ：KEIL3
   8          调试硬件平台：使用 清翔电子科技 QX-MCS51单片机开发板测试通过
   9          日期            ：
  10          文件名          ：
  11          
  12                  //-------------------------程序功能-------------------------//
  13                  硬件平台：QX-X3/QX-MCS51        
  14                   读取清翔电子开发板上4通道AD值，LCD1602以16进制实时显示。
  15          
  16                  //---------------------------备注---------------------------//
  17          
  18                  //-------------------------使用说明-------------------------//
  19          
  20          **********************************************************************/
  21          #include "qxmcs51_config.h"//清翔QX-MCS51单片机开发板配置文件
  22          #include "delay.h"                 
  23          #include "LCD1602.h"
  24          #include "IIC.h"
  25          #include "PCF8591.H"
  26          
  27          sbit LED_WE = P2^6;
  28          sbit LED_DU = P2^7;
  29          
  30          void main()
  31          {
  32   1              INT8U ADC_Value;
  33   1              LED_WE = 0;
  34   1              LED_DU = 0;
  35   1              I2C_Init();
  36   1              LCD1602_Init(); //LCD1602初始化
  37   1              LCD1602_Write_String(0, 0, "CH0:");
  38   1              LCD1602_Write_String(8, 0, "CH1:");
  39   1              LCD1602_Write_String(0, 1, "CH2:");
  40   1              LCD1602_Write_String(8, 1, "CH3:");
  41   1              while(1)
  42   1              {
  43   2                      I2C_ADC_ReadData(0, &ADC_Value);
  44   2                      LCD1602_Write_String(4, 0, INT8UtostrHEX(ADC_Value));
  45   2                      Delay_Ms(100);
  46   2                      
  47   2                      I2C_ADC_ReadData(1, &ADC_Value);                                                          
  48   2                      LCD1602_Write_String(12, 0, INT8UtostrHEX(ADC_Value));
  49   2                      Delay_Ms(100);
  50   2      
  51   2                      I2C_ADC_ReadData(2, &ADC_Value);
  52   2                      LCD1602_Write_String(4, 1, INT8UtostrHEX(ADC_Value));
  53   2                      Delay_Ms(100);
  54   2      
  55   2                      I2C_ADC_ReadData(3, &ADC_Value);
C51 COMPILER V8.08   MAIN                                                                  08/18/2015 10:32:30 PAGE 2   

  56   2                      LCD1602_Write_String(12, 1, INT8UtostrHEX(ADC_Value));
  57   2                      Delay_Ms(100); 
  58   2              }       
  59   1      
  60   1      }


MODULE INFORMATION:   STATIC OVERLAYABLE
   CODE SIZE        =    183    ----
   CONSTANT SIZE    =     20    ----
   XDATA SIZE       =   ----    ----
   PDATA SIZE       =   ----    ----
   DATA SIZE        =   ----       1
   IDATA SIZE       =   ----    ----
   BIT SIZE         =   ----    ----
END OF MODULE INFORMATION.


C51 COMPILATION COMPLETE.  0 WARNING(S),  0 ERROR(S)
